
*** Running vivado
    with args -log zsys_i2s_to_pwm_0_0.vds -m64 -product Vivado -mode batch -messageDb vivado.pb -notrace -source zsys_i2s_to_pwm_0_0.tcl


****** Vivado v2019.2 (64-bit)
  **** SW Build 2708876 on Wed Nov  6 21:39:14 MST 2019
  **** IP Build 2700528 on Thu Nov  7 00:09:20 MST 2019
    ** Copyright 1986-2019 Xilinx, Inc. All Rights Reserved.

source zsys_i2s_to_pwm_0_0.tcl -notrace
INFO: [IP_Flow 19-234] Refreshing IP repositories
INFO: [IP_Flow 19-1700] Loaded user IP repository '/home/parallels/zynqberry_0/zynqberry_ip_2019-2'.
INFO: [IP_Flow 19-2313] Loaded Vivado IP repository '/tools/Xilinx/Vivado/2019.2/data/ip'.
Command: synth_design -top zsys_i2s_to_pwm_0_0 -part xc7z010clg225-1 -mode out_of_context
Starting synth_design
Attempting to get a license for feature 'Synthesis' and/or device 'xc7z010'
INFO: [Common 17-349] Got license for feature 'Synthesis' and/or device 'xc7z010'
INFO: [Device 21-403] Loading part xc7z010clg225-1
INFO: Launching helper process for spawning children vivado processes
INFO: Helper process launched with PID 12804 
---------------------------------------------------------------------------------
Starting RTL Elaboration : Time (s): cpu = 00:00:03 ; elapsed = 00:00:04 . Memory (MB): peak = 2016.164 ; gain = 200.684 ; free physical = 28490 ; free virtual = 32441
---------------------------------------------------------------------------------
INFO: [Synth 8-638] synthesizing module 'zsys_i2s_to_pwm_0_0' [/home/parallels/zynqberry_0/zynqberry_0.srcs/sources_1/bd/zsys/ip/zsys_i2s_to_pwm_0_0/synth/zsys_i2s_to_pwm_0_0.vhd:67]
	Parameter C_SYS_FREQ bound to: 150000000 - type: integer 
	Parameter C_PWM_FREQ bound to: 100000 - type: integer 
INFO: [Synth 8-3491] module 'i2s_to_pwm' declared at '/home/parallels/zynqberry_0/zynqberry_0.srcs/sources_1/bd/zsys/ipshared/206f/hdl/i2s_to_pwm.vhd:9' bound to instance 'U0' of component 'i2s_to_pwm' [/home/parallels/zynqberry_0/zynqberry_0.srcs/sources_1/bd/zsys/ip/zsys_i2s_to_pwm_0_0/synth/zsys_i2s_to_pwm_0_0.vhd:93]
INFO: [Synth 8-638] synthesizing module 'i2s_to_pwm' [/home/parallels/zynqberry_0/zynqberry_0.srcs/sources_1/bd/zsys/ipshared/206f/hdl/i2s_to_pwm.vhd:27]
	Parameter C_SYS_FREQ bound to: 150000000 - type: integer 
	Parameter C_PWM_FREQ bound to: 100000 - type: integer 
INFO: [Synth 8-256] done synthesizing module 'i2s_to_pwm' (1#1) [/home/parallels/zynqberry_0/zynqberry_0.srcs/sources_1/bd/zsys/ipshared/206f/hdl/i2s_to_pwm.vhd:27]
INFO: [Synth 8-256] done synthesizing module 'zsys_i2s_to_pwm_0_0' (2#1) [/home/parallels/zynqberry_0/zynqberry_0.srcs/sources_1/bd/zsys/ip/zsys_i2s_to_pwm_0_0/synth/zsys_i2s_to_pwm_0_0.vhd:67]
---------------------------------------------------------------------------------
Finished RTL Elaboration : Time (s): cpu = 00:00:04 ; elapsed = 00:00:05 . Memory (MB): peak = 2081.883 ; gain = 266.402 ; free physical = 28309 ; free virtual = 32261
---------------------------------------------------------------------------------

Report Check Netlist: 
+------+------------------+-------+---------+-------+------------------+
|      |Item              |Errors |Warnings |Status |Description       |
+------+------------------+-------+---------+-------+------------------+
|1     |multi_driven_nets |      0|        0|Passed |Multi driven nets |
+------+------------------+-------+---------+-------+------------------+
---------------------------------------------------------------------------------
Start Handling Custom Attributes
---------------------------------------------------------------------------------
---------------------------------------------------------------------------------
Finished Handling Custom Attributes : Time (s): cpu = 00:00:04 ; elapsed = 00:00:06 . Memory (MB): peak = 2081.883 ; gain = 266.402 ; free physical = 28301 ; free virtual = 32253
---------------------------------------------------------------------------------
---------------------------------------------------------------------------------
Finished RTL Optimization Phase 1 : Time (s): cpu = 00:00:04 ; elapsed = 00:00:06 . Memory (MB): peak = 2081.883 ; gain = 266.402 ; free physical = 28301 ; free virtual = 32253
---------------------------------------------------------------------------------
Netlist sorting complete. Time (s): cpu = 00:00:00 ; elapsed = 00:00:00.01 . Memory (MB): peak = 2081.883 ; gain = 0.000 ; free physical = 28293 ; free virtual = 32245
INFO: [Project 1-570] Preparing netlist for logic optimization

Processing XDC Constraints
Initializing timing engine
Completed Processing XDC Constraints

Netlist sorting complete. Time (s): cpu = 00:00:00 ; elapsed = 00:00:00.01 . Memory (MB): peak = 2236.633 ; gain = 0.000 ; free physical = 28126 ; free virtual = 32082
INFO: [Project 1-111] Unisim Transformation Summary:
No Unisim elements were transformed.

WARNING: [Constraints 18-5210] No constraints selected for write.
Resolution: This message can indicate that there are no constraints for the design, or it can indicate that the used_in flags are set such that the constraints are ignored. This later case is used when running synth_design to not write synthesis constraints to the resulting checkpoint. Instead, project constraints are read when the synthesized design is opened.
Constraint Validation Runtime : Time (s): cpu = 00:00:00.08 ; elapsed = 00:00:00.12 . Memory (MB): peak = 2236.633 ; gain = 0.000 ; free physical = 28111 ; free virtual = 32067
---------------------------------------------------------------------------------
Finished Constraint Validation : Time (s): cpu = 00:00:09 ; elapsed = 00:00:11 . Memory (MB): peak = 2236.633 ; gain = 421.152 ; free physical = 27885 ; free virtual = 31841
---------------------------------------------------------------------------------
---------------------------------------------------------------------------------
Start Loading Part and Timing Information
---------------------------------------------------------------------------------
Loading part: xc7z010clg225-1
---------------------------------------------------------------------------------
Finished Loading Part and Timing Information : Time (s): cpu = 00:00:09 ; elapsed = 00:00:11 . Memory (MB): peak = 2236.633 ; gain = 421.152 ; free physical = 27885 ; free virtual = 31841
---------------------------------------------------------------------------------
---------------------------------------------------------------------------------
Start Applying 'set_property' XDC Constraints
---------------------------------------------------------------------------------
---------------------------------------------------------------------------------
Finished applying 'set_property' XDC Constraints : Time (s): cpu = 00:00:09 ; elapsed = 00:00:11 . Memory (MB): peak = 2236.633 ; gain = 421.152 ; free physical = 27887 ; free virtual = 31843
---------------------------------------------------------------------------------
---------------------------------------------------------------------------------
Finished RTL Optimization Phase 2 : Time (s): cpu = 00:00:09 ; elapsed = 00:00:11 . Memory (MB): peak = 2236.633 ; gain = 421.152 ; free physical = 27852 ; free virtual = 31808
---------------------------------------------------------------------------------

Report RTL Partitions: 
+-+--------------+------------+----------+
| |RTL Partition |Replication |Instances |
+-+--------------+------------+----------+
+-+--------------+------------+----------+
---------------------------------------------------------------------------------
Start RTL Component Statistics 
---------------------------------------------------------------------------------
Detailed RTL Component Info : 
+---Adders : 
	   2 Input     16 Bit       Adders := 2     
	   2 Input      5 Bit       Adders := 1     
+---Registers : 
	               32 Bit    Registers := 1     
	               16 Bit    Registers := 3     
	                5 Bit    Registers := 1     
	                2 Bit    Registers := 2     
	                1 Bit    Registers := 8     
+---Muxes : 
	   2 Input     32 Bit        Muxes := 1     
	   2 Input     16 Bit        Muxes := 3     
	   2 Input      1 Bit        Muxes := 7     
---------------------------------------------------------------------------------
Finished RTL Component Statistics 
---------------------------------------------------------------------------------
---------------------------------------------------------------------------------
Start RTL Hierarchical Component Statistics 
---------------------------------------------------------------------------------
Hierarchical RTL Component report 
Module i2s_to_pwm 
Detailed RTL Component Info : 
+---Adders : 
	   2 Input     16 Bit       Adders := 2     
	   2 Input      5 Bit       Adders := 1     
+---Registers : 
	               32 Bit    Registers := 1     
	               16 Bit    Registers := 3     
	                5 Bit    Registers := 1     
	                2 Bit    Registers := 2     
	                1 Bit    Registers := 8     
+---Muxes : 
	   2 Input     32 Bit        Muxes := 1     
	   2 Input     16 Bit        Muxes := 3     
	   2 Input      1 Bit        Muxes := 7     
---------------------------------------------------------------------------------
Finished RTL Hierarchical Component Statistics
---------------------------------------------------------------------------------
---------------------------------------------------------------------------------
Start Part Resource Summary
---------------------------------------------------------------------------------
Part Resources:
DSPs: 80 (col length:40)
BRAMs: 120 (col length: RAMB18 40 RAMB36 20)
---------------------------------------------------------------------------------
Finished Part Resource Summary
---------------------------------------------------------------------------------
---------------------------------------------------------------------------------
Start Cross Boundary and Area Optimization
---------------------------------------------------------------------------------
Warning: Parallel synthesis criteria is not met 
---------------------------------------------------------------------------------
Finished Cross Boundary and Area Optimization : Time (s): cpu = 00:00:09 ; elapsed = 00:00:12 . Memory (MB): peak = 2236.633 ; gain = 421.152 ; free physical = 27752 ; free virtual = 31711
---------------------------------------------------------------------------------

Report RTL Partitions: 
+-+--------------+------------+----------+
| |RTL Partition |Replication |Instances |
+-+--------------+------------+----------+
+-+--------------+------------+----------+
---------------------------------------------------------------------------------
Start Applying XDC Timing Constraints
---------------------------------------------------------------------------------
---------------------------------------------------------------------------------
Finished Applying XDC Timing Constraints : Time (s): cpu = 00:00:14 ; elapsed = 00:00:19 . Memory (MB): peak = 2236.633 ; gain = 421.152 ; free physical = 27213 ; free virtual = 31170
---------------------------------------------------------------------------------
---------------------------------------------------------------------------------
Start Timing Optimization
---------------------------------------------------------------------------------
---------------------------------------------------------------------------------
Finished Timing Optimization : Time (s): cpu = 00:00:14 ; elapsed = 00:00:19 . Memory (MB): peak = 2236.633 ; gain = 421.152 ; free physical = 27213 ; free virtual = 31169
---------------------------------------------------------------------------------

Report RTL Partitions: 
+-+--------------+------------+----------+
| |RTL Partition |Replication |Instances |
+-+--------------+------------+----------+
+-+--------------+------------+----------+
---------------------------------------------------------------------------------
Start Technology Mapping
---------------------------------------------------------------------------------
---------------------------------------------------------------------------------
Finished Technology Mapping : Time (s): cpu = 00:00:14 ; elapsed = 00:00:19 . Memory (MB): peak = 2236.633 ; gain = 421.152 ; free physical = 27210 ; free virtual = 31166
---------------------------------------------------------------------------------

Report RTL Partitions: 
+-+--------------+------------+----------+
| |RTL Partition |Replication |Instances |
+-+--------------+------------+----------+
+-+--------------+------------+----------+
---------------------------------------------------------------------------------
Start IO Insertion
---------------------------------------------------------------------------------
---------------------------------------------------------------------------------
Start Flattening Before IO Insertion
---------------------------------------------------------------------------------
---------------------------------------------------------------------------------
Finished Flattening Before IO Insertion
---------------------------------------------------------------------------------
---------------------------------------------------------------------------------
Start Final Netlist Cleanup
---------------------------------------------------------------------------------
---------------------------------------------------------------------------------
Finished Final Netlist Cleanup
---------------------------------------------------------------------------------
---------------------------------------------------------------------------------
Finished IO Insertion : Time (s): cpu = 00:00:17 ; elapsed = 00:00:21 . Memory (MB): peak = 2236.633 ; gain = 421.152 ; free physical = 27163 ; free virtual = 31119
---------------------------------------------------------------------------------
---------------------------------------------------------------------------------
Start Renaming Generated Instances
---------------------------------------------------------------------------------
---------------------------------------------------------------------------------
Finished Renaming Generated Instances : Time (s): cpu = 00:00:17 ; elapsed = 00:00:21 . Memory (MB): peak = 2236.633 ; gain = 421.152 ; free physical = 27163 ; free virtual = 31119
---------------------------------------------------------------------------------

Report RTL Partitions: 
+-+--------------+------------+----------+
| |RTL Partition |Replication |Instances |
+-+--------------+------------+----------+
+-+--------------+------------+----------+

Report Check Netlist: 
+------+------------------+-------+---------+-------+------------------+
|      |Item              |Errors |Warnings |Status |Description       |
+------+------------------+-------+---------+-------+------------------+
|1     |multi_driven_nets |      0|        0|Passed |Multi driven nets |
+------+------------------+-------+---------+-------+------------------+
---------------------------------------------------------------------------------
Start Rebuilding User Hierarchy
---------------------------------------------------------------------------------
---------------------------------------------------------------------------------
Finished Rebuilding User Hierarchy : Time (s): cpu = 00:00:17 ; elapsed = 00:00:21 . Memory (MB): peak = 2236.633 ; gain = 421.152 ; free physical = 27168 ; free virtual = 31124
---------------------------------------------------------------------------------
---------------------------------------------------------------------------------
Start Renaming Generated Ports
---------------------------------------------------------------------------------
---------------------------------------------------------------------------------
Finished Renaming Generated Ports : Time (s): cpu = 00:00:17 ; elapsed = 00:00:21 . Memory (MB): peak = 2236.633 ; gain = 421.152 ; free physical = 27170 ; free virtual = 31126
---------------------------------------------------------------------------------
---------------------------------------------------------------------------------
Start Handling Custom Attributes
---------------------------------------------------------------------------------
---------------------------------------------------------------------------------
Finished Handling Custom Attributes : Time (s): cpu = 00:00:17 ; elapsed = 00:00:21 . Memory (MB): peak = 2236.633 ; gain = 421.152 ; free physical = 27173 ; free virtual = 31129
---------------------------------------------------------------------------------
---------------------------------------------------------------------------------
Start Renaming Generated Nets
---------------------------------------------------------------------------------
---------------------------------------------------------------------------------
Finished Renaming Generated Nets : Time (s): cpu = 00:00:17 ; elapsed = 00:00:21 . Memory (MB): peak = 2236.633 ; gain = 421.152 ; free physical = 27175 ; free virtual = 31131
---------------------------------------------------------------------------------
---------------------------------------------------------------------------------
Start Writing Synthesis Report
---------------------------------------------------------------------------------

Report BlackBoxes: 
+-+--------------+----------+
| |BlackBox name |Instances |
+-+--------------+----------+
+-+--------------+----------+

Report Cell Usage: 
+------+-------+------+
|      |Cell   |Count |
+------+-------+------+
|1     |CARRY4 |    16|
|2     |LUT1   |    18|
|3     |LUT2   |    25|
|4     |LUT3   |     5|
|5     |LUT4   |    35|
|6     |LUT5   |    33|
|7     |LUT6   |     5|
|8     |FDRE   |    76|
|9     |FDSE   |     5|
+------+-------+------+

Report Instance Areas: 
+------+---------+-----------+------+
|      |Instance |Module     |Cells |
+------+---------+-----------+------+
|1     |top      |           |   218|
|2     |  U0     |i2s_to_pwm |   218|
+------+---------+-----------+------+
---------------------------------------------------------------------------------
Finished Writing Synthesis Report : Time (s): cpu = 00:00:17 ; elapsed = 00:00:21 . Memory (MB): peak = 2236.633 ; gain = 421.152 ; free physical = 27177 ; free virtual = 31133
---------------------------------------------------------------------------------
Synthesis finished with 0 errors, 0 critical warnings and 0 warnings.
Synthesis Optimization Runtime : Time (s): cpu = 00:00:16 ; elapsed = 00:00:20 . Memory (MB): peak = 2236.633 ; gain = 266.402 ; free physical = 27331 ; free virtual = 31287
Synthesis Optimization Complete : Time (s): cpu = 00:00:17 ; elapsed = 00:00:21 . Memory (MB): peak = 2236.633 ; gain = 421.152 ; free physical = 27332 ; free virtual = 31288
INFO: [Project 1-571] Translating synthesized netlist
Netlist sorting complete. Time (s): cpu = 00:00:00 ; elapsed = 00:00:00 . Memory (MB): peak = 2236.633 ; gain = 0.000 ; free physical = 28053 ; free virtual = 32009
INFO: [Netlist 29-17] Analyzing 16 Unisim elements for replacement
INFO: [Netlist 29-28] Unisim Transformation completed in 0 CPU seconds
INFO: [Project 1-570] Preparing netlist for logic optimization
INFO: [Opt 31-138] Pushed 0 inverter(s) to 0 load pin(s).
Netlist sorting complete. Time (s): cpu = 00:00:00 ; elapsed = 00:00:00 . Memory (MB): peak = 2236.633 ; gain = 0.000 ; free physical = 27973 ; free virtual = 31929
INFO: [Project 1-111] Unisim Transformation Summary:
No Unisim elements were transformed.

INFO: [Common 17-83] Releasing license: Synthesis
19 Infos, 1 Warnings, 0 Critical Warnings and 0 Errors encountered.
synth_design completed successfully
synth_design: Time (s): cpu = 00:00:24 ; elapsed = 00:00:29 . Memory (MB): peak = 2236.633 ; gain = 649.461 ; free physical = 28101 ; free virtual = 32057
Netlist sorting complete. Time (s): cpu = 00:00:00 ; elapsed = 00:00:00 . Memory (MB): peak = 2236.633 ; gain = 0.000 ; free physical = 28101 ; free virtual = 32057
WARNING: [Constraints 18-5210] No constraints selected for write.
Resolution: This message can indicate that there are no constraints for the design, or it can indicate that the used_in flags are set such that the constraints are ignored. This later case is used when running synth_design to not write synthesis constraints to the resulting checkpoint. Instead, project constraints are read when the synthesized design is opened.
INFO: [Common 17-1381] The checkpoint '/home/parallels/zynqberry_0/zynqberry_0.runs/zsys_i2s_to_pwm_0_0_synth_1/zsys_i2s_to_pwm_0_0.dcp' has been generated.
WARNING: [Common 17-576] 'use_project_ipc' is deprecated. This option is deprecated and no longer used.
INFO: [Coretcl 2-1648] Added synthesis output to IP cache for IP zsys_i2s_to_pwm_0_0, cache-ID = e5f6dd9d7e1e69a4
Netlist sorting complete. Time (s): cpu = 00:00:00 ; elapsed = 00:00:00 . Memory (MB): peak = 2260.645 ; gain = 0.000 ; free physical = 28119 ; free virtual = 32075
WARNING: [Constraints 18-5210] No constraints selected for write.
Resolution: This message can indicate that there are no constraints for the design, or it can indicate that the used_in flags are set such that the constraints are ignored. This later case is used when running synth_design to not write synthesis constraints to the resulting checkpoint. Instead, project constraints are read when the synthesized design is opened.
INFO: [Common 17-1381] The checkpoint '/home/parallels/zynqberry_0/zynqberry_0.runs/zsys_i2s_to_pwm_0_0_synth_1/zsys_i2s_to_pwm_0_0.dcp' has been generated.
INFO: [runtcl-4] Executing : report_utilization -file zsys_i2s_to_pwm_0_0_utilization_synth.rpt -pb zsys_i2s_to_pwm_0_0_utilization_synth.pb
INFO: [Common 17-206] Exiting Vivado at Tue Jan 21 21:13:55 2020...
