TRACE::2020-01-21.22:19:14::SCWBifWriter::Found the complete platform /home/parallels/zynqberry_0/vitis_workspace/zynqberry_0/export/zynqberry_0/zynqberry_0.xpfm
TRACE::2020-01-21.22:19:14::SCWBifWriter::hardware databse : zsys_wrapper_2
TRACE::2020-01-21.22:19:14::SCWBifWriter::bitstream found in the design
TRACE::2020-01-21.22:19:14::SCWBifWriter::Found a baremetal domain, proc: ps7_cortexa9_0
TRACE::2020-01-21.22:19:14::SCWBifWriter::proc type : 
TRACE::2020-01-21.22:19:14::SCWBifWriter::proc[0] : ps7_cortexa9_0
TRACE::2020-01-21.22:19:14::SCWBifWriter::Device type is : zynq
TRACE::2020-01-21.22:19:14::SCWBifWriter::Writing BIF to file : /home/parallels/zynqberry_0/vitis_workspace/zynqberry_system/Debug/system.bif
TRACE::2020-01-21.22:19:14::SCWBifWriter::Writing the Zynq Baremetal bif 
TRACE::2020-01-22.21:31:05::SCWBifWriter::Found the complete platform /home/parallels/zynqberry_0/vitis_workspace/zynqberry_0/export/zynqberry_0/zynqberry_0.xpfm
TRACE::2020-01-22.21:31:05::SCWBifWriter::hardware databse : zsys_wrapper
TRACE::2020-01-22.21:31:05::SCWBifWriter::bitstream found in the design
TRACE::2020-01-22.21:31:05::SCWBifWriter::Found a baremetal domain, proc: ps7_cortexa9_0
TRACE::2020-01-22.21:31:05::SCWBifWriter::proc type : 
TRACE::2020-01-22.21:31:05::SCWBifWriter::proc[0] : ps7_cortexa9_0
TRACE::2020-01-22.21:31:05::SCWBifWriter::Device type is : zynq
TRACE::2020-01-22.21:31:05::SCWBifWriter::Writing BIF to file : /home/parallels/zynqberry_0/vitis_workspace/zynqberry_system/Debug/system.bif
TRACE::2020-01-22.21:31:05::SCWBifWriter::Writing the Zynq Baremetal bif 
TRACE::2020-01-30.15:50:26::SCWBifWriter::Found the complete platform /home/parallels/zynqberry_0/vitis_workspace/zynqberry_0/export/zynqberry_0/zynqberry_0.xpfm
TRACE::2020-01-30.15:50:27::SCWBifWriter::hardware databse : zsys_wrapper_1
TRACE::2020-01-30.15:50:27::SCWBifWriter::bitstream found in the design
TRACE::2020-01-30.15:50:27::SCWBifWriter::Found a baremetal domain, proc: ps7_cortexa9_0
TRACE::2020-01-30.15:50:27::SCWBifWriter::proc type : 
TRACE::2020-01-30.15:50:27::SCWBifWriter::proc[0] : ps7_cortexa9_0
TRACE::2020-01-30.15:50:27::SCWBifWriter::Device type is : zynq
TRACE::2020-01-30.15:50:27::SCWBifWriter::Writing BIF to file : /home/parallels/zynqberry_0/vitis_workspace/zynqberry_system/Debug/system.bif
TRACE::2020-01-30.15:50:27::SCWBifWriter::Writing the Zynq Baremetal bif 
TRACE::2020-01-30.15:53:49::SCWBifWriter::Found the complete platform /home/parallels/zynqberry_0/vitis_workspace/zynqberry_0/export/zynqberry_0/zynqberry_0.xpfm
TRACE::2020-01-30.15:53:49::SCWBifWriter::hardware databse : zsys_wrapper_2
TRACE::2020-01-30.15:53:49::SCWBifWriter::bitstream found in the design
TRACE::2020-01-30.15:53:49::SCWBifWriter::Found a baremetal domain, proc: ps7_cortexa9_0
TRACE::2020-01-30.15:53:49::SCWBifWriter::proc type : 
TRACE::2020-01-30.15:53:49::SCWBifWriter::proc[0] : ps7_cortexa9_0
TRACE::2020-01-30.15:53:49::SCWBifWriter::Device type is : zynq
TRACE::2020-01-30.15:53:49::SCWBifWriter::Writing BIF to file : /home/parallels/zynqberry_0/vitis_workspace/zynqberry_system/Debug/system.bif
TRACE::2020-01-30.15:53:49::SCWBifWriter::Writing the Zynq Baremetal bif 
TRACE::2020-01-30.23:51:28::SCWBifWriter::Found the complete platform /home/parallels/zynqberry_0/vitis_workspace/zynqberry_0/export/zynqberry_0/zynqberry_0.xpfm
TRACE::2020-01-30.23:51:28::SCWBifWriter::hardware databse : zsys_wrapper_0
TRACE::2020-01-30.23:51:28::SCWBifWriter::bitstream found in the design
TRACE::2020-01-30.23:51:28::SCWBifWriter::Found a baremetal domain, proc: ps7_cortexa9_0
TRACE::2020-01-30.23:51:28::SCWBifWriter::proc type : 
TRACE::2020-01-30.23:51:28::SCWBifWriter::proc[0] : ps7_cortexa9_0
TRACE::2020-01-30.23:51:28::SCWBifWriter::Device type is : zynq
TRACE::2020-01-30.23:51:28::SCWBifWriter::Writing BIF to file : /home/parallels/zynqberry_0/vitis_workspace/zynqberry_system/Debug/system.bif
TRACE::2020-01-30.23:51:28::SCWBifWriter::Writing the Zynq Baremetal bif 
TRACE::2020-01-30.23:52:57::SCWBifWriter::Found the complete platform /home/parallels/zynqberry_0/vitis_workspace/zynqberry_0/export/zynqberry_0/zynqberry_0.xpfm
TRACE::2020-01-30.23:52:58::SCWBifWriter::hardware databse : zsys_wrapper_1
TRACE::2020-01-30.23:52:58::SCWBifWriter::bitstream found in the design
TRACE::2020-01-30.23:52:58::SCWBifWriter::Found a baremetal domain, proc: ps7_cortexa9_0
TRACE::2020-01-30.23:52:58::SCWBifWriter::proc type : 
TRACE::2020-01-30.23:52:58::SCWBifWriter::proc[0] : ps7_cortexa9_0
TRACE::2020-01-30.23:52:58::SCWBifWriter::Device type is : zynq
TRACE::2020-01-30.23:52:58::SCWBifWriter::Writing BIF to file : /home/parallels/zynqberry_0/vitis_workspace/zynqberry_system/Debug/system.bif
TRACE::2020-01-30.23:52:58::SCWBifWriter::Writing the Zynq Baremetal bif 
TRACE::2020-01-30.23:56:56::SCWBifWriter::Found the complete platform /home/parallels/zynqberry_0/vitis_workspace/zynqberry_0/export/zynqberry_0/zynqberry_0.xpfm
TRACE::2020-01-30.23:56:56::SCWBifWriter::hardware databse : zsys_wrapper_1
TRACE::2020-01-30.23:56:56::SCWBifWriter::bitstream found in the design
TRACE::2020-01-30.23:56:56::SCWBifWriter::Found a baremetal domain, proc: ps7_cortexa9_0
TRACE::2020-01-30.23:56:56::SCWBifWriter::proc type : 
TRACE::2020-01-30.23:56:56::SCWBifWriter::proc[0] : ps7_cortexa9_0
TRACE::2020-01-30.23:56:56::SCWBifWriter::Device type is : zynq
TRACE::2020-01-30.23:56:56::SCWBifWriter::Writing BIF to file : /home/parallels/zynqberry_0/vitis_workspace/zynqberry_system/Debug/system.bif
TRACE::2020-01-30.23:56:56::SCWBifWriter::Writing the Zynq Baremetal bif 
TRACE::2020-01-31.00:02:38::SCWBifWriter::Found the complete platform /home/parallels/zynqberry_0/vitis_workspace/zynqberry_0/export/zynqberry_0/zynqberry_0.xpfm
TRACE::2020-01-31.00:02:38::SCWBifWriter::hardware databse : zsys_wrapper_2
TRACE::2020-01-31.00:02:38::SCWBifWriter::bitstream found in the design
TRACE::2020-01-31.00:02:38::SCWBifWriter::Found a baremetal domain, proc: ps7_cortexa9_0
TRACE::2020-01-31.00:02:38::SCWBifWriter::proc type : 
TRACE::2020-01-31.00:02:38::SCWBifWriter::proc[0] : ps7_cortexa9_0
TRACE::2020-01-31.00:02:38::SCWBifWriter::Device type is : zynq
TRACE::2020-01-31.00:02:38::SCWBifWriter::Writing BIF to file : /home/parallels/zynqberry_0/vitis_workspace/zynqberry_system/Debug/system.bif
TRACE::2020-01-31.00:02:38::SCWBifWriter::Writing the Zynq Baremetal bif 
TRACE::2020-02-01.09:07:06::SCWBifWriter::Found the complete platform /home/parallels/zynqberry_0/vitis_workspace/zynqberry_0/export/zynqberry_0/zynqberry_0.xpfm
TRACE::2020-02-01.09:07:06::SCWBifWriter::hardware databse : zsys_wrapper_4
TRACE::2020-02-01.09:07:06::SCWBifWriter::bitstream found in the design
TRACE::2020-02-01.09:07:06::SCWBifWriter::Found a baremetal domain, proc: ps7_cortexa9_0
TRACE::2020-02-01.09:07:06::SCWBifWriter::proc type : 
TRACE::2020-02-01.09:07:06::SCWBifWriter::proc[0] : ps7_cortexa9_0
TRACE::2020-02-01.09:07:06::SCWBifWriter::Device type is : zynq
TRACE::2020-02-01.09:07:06::SCWBifWriter::Writing BIF to file : /home/parallels/zynqberry_0/vitis_workspace/zynqberry_system/Debug/system.bif
TRACE::2020-02-01.09:07:06::SCWBifWriter::Writing the Zynq Baremetal bif 
TRACE::2020-02-03.22:16:46::SCWBifWriter::Found the complete platform /home/parallels/zynqberry_0/vitis_workspace/zynqberry_0/export/zynqberry_0/zynqberry_0.xpfm
TRACE::2020-02-03.22:16:46::SCWBifWriter::hardware databse : zsys_wrapper_0
TRACE::2020-02-03.22:16:46::SCWBifWriter::bitstream found in the design
TRACE::2020-02-03.22:16:46::SCWBifWriter::Found a baremetal domain, proc: ps7_cortexa9_0
TRACE::2020-02-03.22:16:46::SCWBifWriter::proc type : 
TRACE::2020-02-03.22:16:46::SCWBifWriter::proc[0] : ps7_cortexa9_0
TRACE::2020-02-03.22:16:46::SCWBifWriter::Device type is : zynq
TRACE::2020-02-03.22:16:46::SCWBifWriter::Writing BIF to file : /home/parallels/zynqberry_0/vitis_workspace/zynqberry_system/Debug/system.bif
TRACE::2020-02-03.22:16:46::SCWBifWriter::Writing the Zynq Baremetal bif 
TRACE::2020-03-10.23:21:00::SCWBifWriter::Found the complete platform /home/parallels/zynqberry_0/vitis_workspace/zynqberry_0/export/zynqberry_0/zynqberry_0.xpfm
TRACE::2020-03-10.23:21:00::SCWBifWriter::hardware databse : zsys_wrapper_0
TRACE::2020-03-10.23:21:00::SCWBifWriter::bitstream found in the design
TRACE::2020-03-10.23:21:00::SCWBifWriter::Found a baremetal domain, proc: ps7_cortexa9_0
TRACE::2020-03-10.23:21:00::SCWBifWriter::proc type : 
TRACE::2020-03-10.23:21:00::SCWBifWriter::proc[0] : ps7_cortexa9_0
TRACE::2020-03-10.23:21:00::SCWBifWriter::Device type is : zynq
TRACE::2020-03-10.23:21:00::SCWBifWriter::Writing BIF to file : /home/parallels/zynqberry_0/vitis_workspace/zynqberry_system/Debug/system.bif
TRACE::2020-03-10.23:21:00::SCWBifWriter::Writing the Zynq Baremetal bif 
TRACE::2020-03-15.12:08:21::SCWBifWriter::Found the complete platform /home/parallels/zynqberry_0/vitis_workspace/zynqberry_0/export/zynqberry_0/zynqberry_0.xpfm
TRACE::2020-03-15.12:08:21::SCWBifWriter::hardware databse : zsys_wrapper_0
TRACE::2020-03-15.12:08:21::SCWBifWriter::bitstream found in the design
TRACE::2020-03-15.12:08:21::SCWBifWriter::Found a baremetal domain, proc: ps7_cortexa9_0
TRACE::2020-03-15.12:08:21::SCWBifWriter::proc type : 
TRACE::2020-03-15.12:08:21::SCWBifWriter::proc[0] : ps7_cortexa9_0
TRACE::2020-03-15.12:08:21::SCWBifWriter::Device type is : zynq
TRACE::2020-03-15.12:08:21::SCWBifWriter::Writing BIF to file : /home/parallels/zynqberry_0/vitis_workspace/zynqberry_system/Debug/system.bif
TRACE::2020-03-15.12:08:21::SCWBifWriter::Writing the Zynq Baremetal bif 
TRACE::2020-03-15.12:08:35::SCWBifWriter::Found the complete platform /home/parallels/zynqberry_0/vitis_workspace/zynqberry_0/export/zynqberry_0/zynqberry_0.xpfm
TRACE::2020-03-15.12:08:35::SCWBifWriter::hardware databse : zsys_wrapper_0
TRACE::2020-03-15.12:08:35::SCWBifWriter::bitstream found in the design
TRACE::2020-03-15.12:08:35::SCWBifWriter::Found a baremetal domain, proc: ps7_cortexa9_0
TRACE::2020-03-15.12:08:35::SCWBifWriter::proc type : 
TRACE::2020-03-15.12:08:35::SCWBifWriter::proc[0] : ps7_cortexa9_0
TRACE::2020-03-15.12:08:35::SCWBifWriter::Device type is : zynq
TRACE::2020-03-15.12:08:35::SCWBifWriter::Writing BIF to file : /home/parallels/zynqberry_0/vitis_workspace/zynqberry_system/Debug/system.bif
TRACE::2020-03-15.12:08:35::SCWBifWriter::Writing the Zynq Baremetal bif 
TRACE::2020-03-21.17:27:00::SCWBifWriter::Found the complete platform /home/parallels/zynqberry_0/vitis_workspace/zynqberry_0/export/zynqberry_0/zynqberry_0.xpfm
TRACE::2020-03-21.17:27:00::SCWBifWriter::hardware databse : zsys_wrapper_0
TRACE::2020-03-21.17:27:00::SCWBifWriter::bitstream found in the design
TRACE::2020-03-21.17:27:00::SCWBifWriter::Found a baremetal domain, proc: ps7_cortexa9_0
TRACE::2020-03-21.17:27:00::SCWBifWriter::proc type : 
TRACE::2020-03-21.17:27:00::SCWBifWriter::proc[0] : ps7_cortexa9_0
TRACE::2020-03-21.17:27:00::SCWBifWriter::Device type is : zynq
TRACE::2020-03-21.17:27:00::SCWBifWriter::Writing BIF to file : /home/parallels/zynqberry_0/vitis_workspace/zynqberry_system/Debug/system.bif
TRACE::2020-03-21.17:27:00::SCWBifWriter::Writing the Zynq Baremetal bif 
TRACE::2020-03-21.17:27:28::SCWBifWriter::Found the complete platform /home/parallels/zynqberry_0/vitis_workspace/zynqberry_0/export/zynqberry_0/zynqberry_0.xpfm
TRACE::2020-03-21.17:27:29::SCWBifWriter::hardware databse : zsys_wrapper_0
TRACE::2020-03-21.17:27:29::SCWBifWriter::bitstream found in the design
TRACE::2020-03-21.17:27:29::SCWBifWriter::Found a baremetal domain, proc: ps7_cortexa9_0
TRACE::2020-03-21.17:27:29::SCWBifWriter::proc type : 
TRACE::2020-03-21.17:27:29::SCWBifWriter::proc[0] : ps7_cortexa9_0
TRACE::2020-03-21.17:27:29::SCWBifWriter::Device type is : zynq
TRACE::2020-03-21.17:27:29::SCWBifWriter::Writing BIF to file : /home/parallels/zynqberry_0/vitis_workspace/zynqberry_system/Debug/system.bif
TRACE::2020-03-21.17:27:29::SCWBifWriter::Writing the Zynq Baremetal bif 
TRACE::2020-03-23.12:37:27::SCWBifWriter::Found the complete platform /home/parallels/zynqberry_0/vitis_workspace/zynqberry_0/export/zynqberry_0/zynqberry_0.xpfm
TRACE::2020-03-23.12:37:27::SCWBifWriter::hardware databse : zsys_wrapper_0
TRACE::2020-03-23.12:37:27::SCWBifWriter::bitstream found in the design
TRACE::2020-03-23.12:37:27::SCWBifWriter::Found a baremetal domain, proc: ps7_cortexa9_0
TRACE::2020-03-23.12:37:27::SCWBifWriter::proc type : 
TRACE::2020-03-23.12:37:27::SCWBifWriter::proc[0] : ps7_cortexa9_0
TRACE::2020-03-23.12:37:27::SCWBifWriter::Device type is : zynq
TRACE::2020-03-23.12:37:27::SCWBifWriter::Writing BIF to file : /home/parallels/zynqberry_0/vitis_workspace/zynqberry_system/Debug/system.bif
TRACE::2020-03-23.12:37:27::SCWBifWriter::Writing the Zynq Baremetal bif 
TRACE::2020-03-23.12:37:41::SCWBifWriter::Found the complete platform /home/parallels/zynqberry_0/vitis_workspace/zynqberry_0/export/zynqberry_0/zynqberry_0.xpfm
TRACE::2020-03-23.12:37:41::SCWBifWriter::hardware databse : zsys_wrapper_0
TRACE::2020-03-23.12:37:41::SCWBifWriter::bitstream found in the design
TRACE::2020-03-23.12:37:41::SCWBifWriter::Found a baremetal domain, proc: ps7_cortexa9_0
TRACE::2020-03-23.12:37:41::SCWBifWriter::proc type : 
TRACE::2020-03-23.12:37:41::SCWBifWriter::proc[0] : ps7_cortexa9_0
TRACE::2020-03-23.12:37:41::SCWBifWriter::Device type is : zynq
TRACE::2020-03-23.12:37:41::SCWBifWriter::Writing BIF to file : /home/parallels/zynqberry_0/vitis_workspace/zynqberry_system/Debug/system.bif
TRACE::2020-03-23.12:37:41::SCWBifWriter::Writing the Zynq Baremetal bif 
TRACE::2020-03-23.12:37:51::SCWBifWriter::Found the complete platform /home/parallels/zynqberry_0/vitis_workspace/zynqberry_0/export/zynqberry_0/zynqberry_0.xpfm
TRACE::2020-03-23.12:37:51::SCWBifWriter::hardware databse : zsys_wrapper_0
TRACE::2020-03-23.12:37:51::SCWBifWriter::bitstream found in the design
TRACE::2020-03-23.12:37:51::SCWBifWriter::Found a baremetal domain, proc: ps7_cortexa9_0
TRACE::2020-03-23.12:37:51::SCWBifWriter::proc type : 
TRACE::2020-03-23.12:37:51::SCWBifWriter::proc[0] : ps7_cortexa9_0
TRACE::2020-03-23.12:37:51::SCWBifWriter::Device type is : zynq
TRACE::2020-03-23.12:37:51::SCWBifWriter::Writing BIF to file : /home/parallels/zynqberry_0/vitis_workspace/zynqberry_system/Debug/system.bif
TRACE::2020-03-23.12:37:51::SCWBifWriter::Writing the Zynq Baremetal bif 
TRACE::2020-03-23.14:58:40::SCWBifWriter::Found the complete platform /home/parallels/zynqberry_0/vitis_workspace/zynqberry_0/export/zynqberry_0/zynqberry_0.xpfm
TRACE::2020-03-23.14:58:40::SCWBifWriter::hardware databse : zsys_wrapper_0
TRACE::2020-03-23.14:58:40::SCWBifWriter::bitstream found in the design
TRACE::2020-03-23.14:58:40::SCWBifWriter::Found a baremetal domain, proc: ps7_cortexa9_0
TRACE::2020-03-23.14:58:40::SCWBifWriter::proc type : 
TRACE::2020-03-23.14:58:40::SCWBifWriter::proc[0] : ps7_cortexa9_0
TRACE::2020-03-23.14:58:40::SCWBifWriter::Device type is : zynq
TRACE::2020-03-23.14:58:40::SCWBifWriter::Writing BIF to file : /home/parallels/zynqberry_0/vitis_workspace/zynqberry_system/Debug/system.bif
TRACE::2020-03-23.14:58:40::SCWBifWriter::Writing the Zynq Baremetal bif 
TRACE::2020-03-23.15:18:02::SCWBifWriter::Found the complete platform /home/parallels/zynqberry_0/vitis_workspace/zynqberry_0/export/zynqberry_0/zynqberry_0.xpfm
TRACE::2020-03-23.15:18:02::SCWBifWriter::hardware databse : zsys_wrapper_0
TRACE::2020-03-23.15:18:02::SCWBifWriter::bitstream found in the design
TRACE::2020-03-23.15:18:02::SCWBifWriter::Found a baremetal domain, proc: ps7_cortexa9_0
TRACE::2020-03-23.15:18:02::SCWBifWriter::proc type : 
TRACE::2020-03-23.15:18:02::SCWBifWriter::proc[0] : ps7_cortexa9_0
TRACE::2020-03-23.15:18:02::SCWBifWriter::Device type is : zynq
TRACE::2020-03-23.15:18:02::SCWBifWriter::Writing BIF to file : /home/parallels/zynqberry_0/vitis_workspace/zynqberry_system/Debug/system.bif
TRACE::2020-03-23.15:18:02::SCWBifWriter::Writing the Zynq Baremetal bif 
TRACE::2020-03-23.18:38:42::SCWBifWriter::Found the complete platform /home/parallels/zynqberry_0/vitis_workspace/zynqberry_0/export/zynqberry_0/zynqberry_0.xpfm
TRACE::2020-03-23.18:38:42::SCWBifWriter::hardware databse : zsys_wrapper_1
TRACE::2020-03-23.18:38:42::SCWBifWriter::bitstream found in the design
TRACE::2020-03-23.18:38:42::SCWBifWriter::Found a baremetal domain, proc: ps7_cortexa9_0
TRACE::2020-03-23.18:38:42::SCWBifWriter::proc type : 
TRACE::2020-03-23.18:38:42::SCWBifWriter::proc[0] : ps7_cortexa9_0
TRACE::2020-03-23.18:38:42::SCWBifWriter::Device type is : zynq
TRACE::2020-03-23.18:38:42::SCWBifWriter::Writing BIF to file : /home/parallels/zynqberry_0/vitis_workspace/zynqberry_system/Debug/system.bif
TRACE::2020-03-23.18:38:42::SCWBifWriter::Writing the Zynq Baremetal bif 
TRACE::2020-03-23.19:06:04::SCWBifWriter::Found the complete platform /home/parallels/zynqberry_0/vitis_workspace/zynqberry_0/export/zynqberry_0/zynqberry_0.xpfm
TRACE::2020-03-23.19:06:04::SCWBifWriter::hardware databse : zsys_wrapper_2
TRACE::2020-03-23.19:06:04::SCWBifWriter::bitstream found in the design
TRACE::2020-03-23.19:06:04::SCWBifWriter::Found a baremetal domain, proc: ps7_cortexa9_0
TRACE::2020-03-23.19:06:04::SCWBifWriter::proc type : 
TRACE::2020-03-23.19:06:04::SCWBifWriter::proc[0] : ps7_cortexa9_0
TRACE::2020-03-23.19:06:04::SCWBifWriter::Device type is : zynq
TRACE::2020-03-23.19:06:04::SCWBifWriter::Writing BIF to file : /home/parallels/zynqberry_0/vitis_workspace/zynqberry_system/Debug/system.bif
TRACE::2020-03-23.19:06:04::SCWBifWriter::Writing the Zynq Baremetal bif 
TRACE::2020-03-23.19:17:03::SCWBifWriter::Found the complete platform /home/parallels/zynqberry_0/vitis_workspace/zynqberry_0/export/zynqberry_0/zynqberry_0.xpfm
TRACE::2020-03-23.19:17:03::SCWBifWriter::hardware databse : zsys_wrapper_0
TRACE::2020-03-23.19:17:03::SCWBifWriter::bitstream found in the design
TRACE::2020-03-23.19:17:03::SCWBifWriter::Found a baremetal domain, proc: ps7_cortexa9_0
TRACE::2020-03-23.19:17:03::SCWBifWriter::proc type : 
TRACE::2020-03-23.19:17:03::SCWBifWriter::proc[0] : ps7_cortexa9_0
TRACE::2020-03-23.19:17:03::SCWBifWriter::Device type is : zynq
TRACE::2020-03-23.19:17:03::SCWBifWriter::Writing BIF to file : /home/parallels/zynqberry_0/vitis_workspace/zynqberry_system/Debug/system.bif
TRACE::2020-03-23.19:17:03::SCWBifWriter::Writing the Zynq Baremetal bif 
TRACE::2020-03-23.19:17:19::SCWBifWriter::Found the complete platform /home/parallels/zynqberry_0/vitis_workspace/zynqberry_0/export/zynqberry_0/zynqberry_0.xpfm
TRACE::2020-03-23.19:17:19::SCWBifWriter::hardware databse : zsys_wrapper_0
TRACE::2020-03-23.19:17:19::SCWBifWriter::bitstream found in the design
TRACE::2020-03-23.19:17:19::SCWBifWriter::Found a baremetal domain, proc: ps7_cortexa9_0
TRACE::2020-03-23.19:17:19::SCWBifWriter::proc type : 
TRACE::2020-03-23.19:17:19::SCWBifWriter::proc[0] : ps7_cortexa9_0
TRACE::2020-03-23.19:17:19::SCWBifWriter::Device type is : zynq
TRACE::2020-03-23.19:17:19::SCWBifWriter::Writing BIF to file : /home/parallels/zynqberry_0/vitis_workspace/zynqberry_system/Debug/system.bif
TRACE::2020-03-23.19:17:19::SCWBifWriter::Writing the Zynq Baremetal bif 
TRACE::2020-03-23.23:18:58::SCWBifWriter::Found the complete platform /home/parallels/zynqberry_0/vitis_workspace/zynqberry_0/export/zynqberry_0/zynqberry_0.xpfm
TRACE::2020-03-23.23:18:58::SCWBifWriter::hardware databse : zsys_wrapper_0
TRACE::2020-03-23.23:18:58::SCWBifWriter::bitstream found in the design
TRACE::2020-03-23.23:18:58::SCWBifWriter::Found a baremetal domain, proc: ps7_cortexa9_0
TRACE::2020-03-23.23:18:58::SCWBifWriter::proc type : 
TRACE::2020-03-23.23:18:58::SCWBifWriter::proc[0] : ps7_cortexa9_0
TRACE::2020-03-23.23:18:58::SCWBifWriter::Device type is : zynq
TRACE::2020-03-23.23:18:58::SCWBifWriter::Writing BIF to file : /home/parallels/zynqberry_0/vitis_workspace/zynqberry_system/Debug/system.bif
TRACE::2020-03-23.23:18:58::SCWBifWriter::Writing the Zynq Baremetal bif 
TRACE::2020-03-23.23:19:38::SCWBifWriter::Found the complete platform /home/parallels/zynqberry_0/vitis_workspace/zynqberry_0/export/zynqberry_0/zynqberry_0.xpfm
TRACE::2020-03-23.23:19:38::SCWBifWriter::hardware databse : zsys_wrapper_0
TRACE::2020-03-23.23:19:38::SCWBifWriter::bitstream found in the design
TRACE::2020-03-23.23:19:38::SCWBifWriter::Found a baremetal domain, proc: ps7_cortexa9_0
TRACE::2020-03-23.23:19:38::SCWBifWriter::proc type : 
TRACE::2020-03-23.23:19:38::SCWBifWriter::proc[0] : ps7_cortexa9_0
TRACE::2020-03-23.23:19:38::SCWBifWriter::Device type is : zynq
TRACE::2020-03-23.23:19:38::SCWBifWriter::Writing BIF to file : /home/parallels/zynqberry_0/vitis_workspace/zynqberry_system/Debug/system.bif
TRACE::2020-03-23.23:19:38::SCWBifWriter::Writing the Zynq Baremetal bif 
