TRACE::2020-03-28.15:59:36::SCWBifWriter::Found the complete platform /home/parallels/zynqberry_0/vitis_workspace/zynqberry_0/export/zynqberry_0/zynqberry_0.xpfm
TRACE::2020-03-28.15:59:36::SCWBifWriter::hardware databse : zsys_wrapper_1
TRACE::2020-03-28.15:59:36::SCWBifWriter::bitstream found in the design
TRACE::2020-03-28.15:59:36::SCWBifWriter::Found a baremetal domain, proc: ps7_cortexa9_0
TRACE::2020-03-28.15:59:36::SCWBifWriter::proc type : 
TRACE::2020-03-28.15:59:36::SCWBifWriter::proc[0] : ps7_cortexa9_0
TRACE::2020-03-28.15:59:36::SCWBifWriter::Device type is : zynq
TRACE::2020-03-28.15:59:36::SCWBifWriter::Writing BIF to file : /home/parallels/zynqberry_0/vitis_workspace/system_bsp_example_1/Debug/system.bif
TRACE::2020-03-28.15:59:36::SCWBifWriter::Writing the Zynq Baremetal bif 
TRACE::2020-03-28.16:04:39::SCWBifWriter::Found the complete platform /home/parallels/zynqberry_0/vitis_workspace/zynqberry_0/export/zynqberry_0/zynqberry_0.xpfm
TRACE::2020-03-28.16:04:39::SCWBifWriter::hardware databse : zsys_wrapper_1
TRACE::2020-03-28.16:04:39::SCWBifWriter::bitstream found in the design
TRACE::2020-03-28.16:04:39::SCWBifWriter::Found a baremetal domain, proc: ps7_cortexa9_0
TRACE::2020-03-28.16:04:39::SCWBifWriter::proc type : 
TRACE::2020-03-28.16:04:39::SCWBifWriter::proc[0] : ps7_cortexa9_0
TRACE::2020-03-28.16:04:39::SCWBifWriter::Device type is : zynq
TRACE::2020-03-28.16:04:39::SCWBifWriter::Writing BIF to file : /home/parallels/zynqberry_0/vitis_workspace/system_bsp_example_1/Debug/system.bif
TRACE::2020-03-28.16:04:39::SCWBifWriter::Writing the Zynq Baremetal bif 
TRACE::2020-03-28.16:17:47::SCWBifWriter::Found the complete platform /home/parallels/zynqberry_0/vitis_workspace/zynqberry_0/export/zynqberry_0/zynqberry_0.xpfm
TRACE::2020-03-28.16:17:47::SCWBifWriter::hardware databse : zsys_wrapper_1
TRACE::2020-03-28.16:17:47::SCWBifWriter::bitstream found in the design
TRACE::2020-03-28.16:17:47::SCWBifWriter::Found a baremetal domain, proc: ps7_cortexa9_0
TRACE::2020-03-28.16:17:47::SCWBifWriter::proc type : 
TRACE::2020-03-28.16:17:47::SCWBifWriter::proc[0] : ps7_cortexa9_0
TRACE::2020-03-28.16:17:47::SCWBifWriter::Device type is : zynq
TRACE::2020-03-28.16:17:47::SCWBifWriter::Writing BIF to file : /home/parallels/zynqberry_0/vitis_workspace/system_bsp_example_1/Debug/system.bif
TRACE::2020-03-28.16:17:47::SCWBifWriter::Writing the Zynq Baremetal bif 
TRACE::2020-03-28.16:28:42::SCWBifWriter::Found the complete platform /home/parallels/zynqberry_0/vitis_workspace/zynqberry_0/export/zynqberry_0/zynqberry_0.xpfm
TRACE::2020-03-28.16:28:42::SCWBifWriter::hardware databse : zsys_wrapper_1
TRACE::2020-03-28.16:28:42::SCWBifWriter::bitstream found in the design
TRACE::2020-03-28.16:28:42::SCWBifWriter::Found a baremetal domain, proc: ps7_cortexa9_0
TRACE::2020-03-28.16:28:42::SCWBifWriter::proc type : 
TRACE::2020-03-28.16:28:42::SCWBifWriter::proc[0] : ps7_cortexa9_0
TRACE::2020-03-28.16:28:42::SCWBifWriter::Device type is : zynq
TRACE::2020-03-28.16:28:42::SCWBifWriter::Writing BIF to file : /home/parallels/zynqberry_0/vitis_workspace/system_bsp_example_1/Debug/system.bif
TRACE::2020-03-28.16:28:42::SCWBifWriter::Writing the Zynq Baremetal bif 
TRACE::2020-03-28.16:29:24::SCWBifWriter::Found the complete platform /home/parallels/zynqberry_0/vitis_workspace/zynqberry_0/export/zynqberry_0/zynqberry_0.xpfm
TRACE::2020-03-28.16:29:24::SCWBifWriter::hardware databse : zsys_wrapper_1
TRACE::2020-03-28.16:29:24::SCWBifWriter::bitstream found in the design
TRACE::2020-03-28.16:29:24::SCWBifWriter::Found a baremetal domain, proc: ps7_cortexa9_0
TRACE::2020-03-28.16:29:24::SCWBifWriter::proc type : 
TRACE::2020-03-28.16:29:24::SCWBifWriter::proc[0] : ps7_cortexa9_0
TRACE::2020-03-28.16:29:24::SCWBifWriter::Device type is : zynq
TRACE::2020-03-28.16:29:24::SCWBifWriter::Writing BIF to file : /home/parallels/zynqberry_0/vitis_workspace/system_bsp_example_1/Debug/system.bif
TRACE::2020-03-28.16:29:24::SCWBifWriter::Writing the Zynq Baremetal bif 
TRACE::2020-03-28.16:29:54::SCWBifWriter::Found the complete platform /home/parallels/zynqberry_0/vitis_workspace/zynqberry_0/export/zynqberry_0/zynqberry_0.xpfm
TRACE::2020-03-28.16:29:54::SCWBifWriter::hardware databse : zsys_wrapper_1
TRACE::2020-03-28.16:29:54::SCWBifWriter::bitstream found in the design
TRACE::2020-03-28.16:29:54::SCWBifWriter::Found a baremetal domain, proc: ps7_cortexa9_0
TRACE::2020-03-28.16:29:54::SCWBifWriter::proc type : 
TRACE::2020-03-28.16:29:54::SCWBifWriter::proc[0] : ps7_cortexa9_0
TRACE::2020-03-28.16:29:54::SCWBifWriter::Device type is : zynq
TRACE::2020-03-28.16:29:54::SCWBifWriter::Writing BIF to file : /home/parallels/zynqberry_0/vitis_workspace/system_bsp_example_1/Debug/system.bif
TRACE::2020-03-28.16:29:54::SCWBifWriter::Writing the Zynq Baremetal bif 
TRACE::2020-03-28.16:30:16::SCWBifWriter::Found the complete platform /home/parallels/zynqberry_0/vitis_workspace/zynqberry_0/export/zynqberry_0/zynqberry_0.xpfm
TRACE::2020-03-28.16:30:16::SCWBifWriter::hardware databse : zsys_wrapper_1
TRACE::2020-03-28.16:30:16::SCWBifWriter::bitstream found in the design
TRACE::2020-03-28.16:30:16::SCWBifWriter::Found a baremetal domain, proc: ps7_cortexa9_0
TRACE::2020-03-28.16:30:16::SCWBifWriter::proc type : 
TRACE::2020-03-28.16:30:16::SCWBifWriter::proc[0] : ps7_cortexa9_0
TRACE::2020-03-28.16:30:16::SCWBifWriter::Device type is : zynq
TRACE::2020-03-28.16:30:16::SCWBifWriter::Writing BIF to file : /home/parallels/zynqberry_0/vitis_workspace/system_bsp_example_1/Debug/system.bif
TRACE::2020-03-28.16:30:16::SCWBifWriter::Writing the Zynq Baremetal bif 
TRACE::2020-03-28.16:32:39::SCWBifWriter::Found the complete platform /home/parallels/zynqberry_0/vitis_workspace/zynqberry_0/export/zynqberry_0/zynqberry_0.xpfm
TRACE::2020-03-28.16:32:39::SCWBifWriter::hardware databse : zsys_wrapper_1
TRACE::2020-03-28.16:32:39::SCWBifWriter::bitstream found in the design
TRACE::2020-03-28.16:32:39::SCWBifWriter::Found a baremetal domain, proc: ps7_cortexa9_0
TRACE::2020-03-28.16:32:39::SCWBifWriter::proc type : 
TRACE::2020-03-28.16:32:39::SCWBifWriter::proc[0] : ps7_cortexa9_0
TRACE::2020-03-28.16:32:39::SCWBifWriter::Device type is : zynq
TRACE::2020-03-28.16:32:39::SCWBifWriter::Writing BIF to file : /home/parallels/zynqberry_0/vitis_workspace/system_bsp_example_1/Debug/system.bif
TRACE::2020-03-28.16:32:39::SCWBifWriter::Writing the Zynq Baremetal bif 
TRACE::2020-03-28.16:35:02::SCWBifWriter::Found the complete platform /home/parallels/zynqberry_0/vitis_workspace/zynqberry_0/export/zynqberry_0/zynqberry_0.xpfm
TRACE::2020-03-28.16:35:02::SCWBifWriter::hardware databse : zsys_wrapper_1
TRACE::2020-03-28.16:35:02::SCWBifWriter::bitstream found in the design
TRACE::2020-03-28.16:35:02::SCWBifWriter::Found a baremetal domain, proc: ps7_cortexa9_0
TRACE::2020-03-28.16:35:02::SCWBifWriter::proc type : 
TRACE::2020-03-28.16:35:02::SCWBifWriter::proc[0] : ps7_cortexa9_0
TRACE::2020-03-28.16:35:02::SCWBifWriter::Device type is : zynq
TRACE::2020-03-28.16:35:02::SCWBifWriter::Writing BIF to file : /home/parallels/zynqberry_0/vitis_workspace/system_bsp_example_1/Debug/system.bif
TRACE::2020-03-28.16:35:02::SCWBifWriter::Writing the Zynq Baremetal bif 
TRACE::2020-03-28.16:38:58::SCWBifWriter::Found the complete platform /home/parallels/zynqberry_0/vitis_workspace/zynqberry_0/export/zynqberry_0/zynqberry_0.xpfm
TRACE::2020-03-28.16:38:58::SCWBifWriter::hardware databse : zsys_wrapper_1
TRACE::2020-03-28.16:38:58::SCWBifWriter::bitstream found in the design
TRACE::2020-03-28.16:38:58::SCWBifWriter::Found a baremetal domain, proc: ps7_cortexa9_0
TRACE::2020-03-28.16:38:58::SCWBifWriter::proc type : 
TRACE::2020-03-28.16:38:58::SCWBifWriter::proc[0] : ps7_cortexa9_0
TRACE::2020-03-28.16:38:58::SCWBifWriter::Device type is : zynq
TRACE::2020-03-28.16:38:58::SCWBifWriter::Writing BIF to file : /home/parallels/zynqberry_0/vitis_workspace/system_bsp_example_1/Debug/system.bif
TRACE::2020-03-28.16:38:58::SCWBifWriter::Writing the Zynq Baremetal bif 
TRACE::2020-03-28.16:39:23::SCWBifWriter::Found the complete platform /home/parallels/zynqberry_0/vitis_workspace/zynqberry_0/export/zynqberry_0/zynqberry_0.xpfm
TRACE::2020-03-28.16:39:23::SCWBifWriter::hardware databse : zsys_wrapper_1
TRACE::2020-03-28.16:39:23::SCWBifWriter::bitstream found in the design
TRACE::2020-03-28.16:39:23::SCWBifWriter::Found a baremetal domain, proc: ps7_cortexa9_0
TRACE::2020-03-28.16:39:23::SCWBifWriter::proc type : 
TRACE::2020-03-28.16:39:23::SCWBifWriter::proc[0] : ps7_cortexa9_0
TRACE::2020-03-28.16:39:23::SCWBifWriter::Device type is : zynq
TRACE::2020-03-28.16:39:23::SCWBifWriter::Writing BIF to file : /home/parallels/zynqberry_0/vitis_workspace/system_bsp_example_1/Debug/system.bif
TRACE::2020-03-28.16:39:23::SCWBifWriter::Writing the Zynq Baremetal bif 
TRACE::2020-03-28.16:41:59::SCWBifWriter::Found the complete platform /home/parallels/zynqberry_0/vitis_workspace/zynqberry_0/export/zynqberry_0/zynqberry_0.xpfm
TRACE::2020-03-28.16:41:59::SCWBifWriter::hardware databse : zsys_wrapper_1
TRACE::2020-03-28.16:41:59::SCWBifWriter::bitstream found in the design
TRACE::2020-03-28.16:41:59::SCWBifWriter::Found a baremetal domain, proc: ps7_cortexa9_0
TRACE::2020-03-28.16:41:59::SCWBifWriter::proc type : 
TRACE::2020-03-28.16:41:59::SCWBifWriter::proc[0] : ps7_cortexa9_0
TRACE::2020-03-28.16:41:59::SCWBifWriter::Device type is : zynq
TRACE::2020-03-28.16:41:59::SCWBifWriter::Writing BIF to file : /home/parallels/zynqberry_0/vitis_workspace/system_bsp_example_1/Debug/system.bif
TRACE::2020-03-28.16:41:59::SCWBifWriter::Writing the Zynq Baremetal bif 
TRACE::2020-03-28.16:44:22::SCWBifWriter::Found the complete platform /home/parallels/zynqberry_0/vitis_workspace/zynqberry_0/export/zynqberry_0/zynqberry_0.xpfm
TRACE::2020-03-28.16:44:22::SCWBifWriter::hardware databse : zsys_wrapper_1
TRACE::2020-03-28.16:44:22::SCWBifWriter::bitstream found in the design
TRACE::2020-03-28.16:44:22::SCWBifWriter::Found a baremetal domain, proc: ps7_cortexa9_0
TRACE::2020-03-28.16:44:22::SCWBifWriter::proc type : 
TRACE::2020-03-28.16:44:22::SCWBifWriter::proc[0] : ps7_cortexa9_0
TRACE::2020-03-28.16:44:22::SCWBifWriter::Device type is : zynq
TRACE::2020-03-28.16:44:22::SCWBifWriter::Writing BIF to file : /home/parallels/zynqberry_0/vitis_workspace/system_bsp_example_1/Debug/system.bif
TRACE::2020-03-28.16:44:22::SCWBifWriter::Writing the Zynq Baremetal bif 
TRACE::2020-03-28.17:20:21::SCWBifWriter::Found the complete platform /home/parallels/zynqberry_0/vitis_workspace/zynqberry_0/export/zynqberry_0/zynqberry_0.xpfm
TRACE::2020-03-28.17:20:21::SCWBifWriter::hardware databse : zsys_wrapper_0
TRACE::2020-03-28.17:20:21::SCWBifWriter::bitstream found in the design
TRACE::2020-03-28.17:20:21::SCWBifWriter::Found a baremetal domain, proc: ps7_cortexa9_0
TRACE::2020-03-28.17:20:21::SCWBifWriter::proc type : 
TRACE::2020-03-28.17:20:21::SCWBifWriter::proc[0] : ps7_cortexa9_0
TRACE::2020-03-28.17:20:21::SCWBifWriter::Device type is : zynq
TRACE::2020-03-28.17:20:21::SCWBifWriter::Writing BIF to file : /home/parallels/zynqberry_0/vitis_workspace/system_bsp_example_1/Debug/system.bif
TRACE::2020-03-28.17:20:21::SCWBifWriter::Writing the Zynq Baremetal bif 
TRACE::2020-03-28.17:55:43::SCWBifWriter::Found the complete platform /home/parallels/zynqberry_0/vitis_workspace/zynqberry_0/export/zynqberry_0/zynqberry_0.xpfm
TRACE::2020-03-28.17:55:43::SCWBifWriter::hardware databse : zsys_wrapper_0
TRACE::2020-03-28.17:55:43::SCWBifWriter::bitstream found in the design
TRACE::2020-03-28.17:55:43::SCWBifWriter::Found a baremetal domain, proc: ps7_cortexa9_0
TRACE::2020-03-28.17:55:43::SCWBifWriter::proc type : 
TRACE::2020-03-28.17:55:43::SCWBifWriter::proc[0] : ps7_cortexa9_0
TRACE::2020-03-28.17:55:43::SCWBifWriter::Device type is : zynq
TRACE::2020-03-28.17:55:43::SCWBifWriter::Writing BIF to file : /home/parallels/zynqberry_0/vitis_workspace/system_bsp_example_1/Debug/system.bif
TRACE::2020-03-28.17:55:43::SCWBifWriter::Writing the Zynq Baremetal bif 
TRACE::2020-03-28.18:00:23::SCWBifWriter::Found the complete platform /home/parallels/zynqberry_0/vitis_workspace/zynqberry_0/export/zynqberry_0/zynqberry_0.xpfm
TRACE::2020-03-28.18:00:23::SCWBifWriter::hardware databse : zsys_wrapper_0
TRACE::2020-03-28.18:00:23::SCWBifWriter::bitstream found in the design
TRACE::2020-03-28.18:00:23::SCWBifWriter::Found a baremetal domain, proc: ps7_cortexa9_0
TRACE::2020-03-28.18:00:23::SCWBifWriter::proc type : 
TRACE::2020-03-28.18:00:23::SCWBifWriter::proc[0] : ps7_cortexa9_0
TRACE::2020-03-28.18:00:23::SCWBifWriter::Device type is : zynq
TRACE::2020-03-28.18:00:23::SCWBifWriter::Writing BIF to file : /home/parallels/zynqberry_0/vitis_workspace/system_bsp_example_1/Debug/system.bif
TRACE::2020-03-28.18:00:23::SCWBifWriter::Writing the Zynq Baremetal bif 
TRACE::2020-03-28.18:01:00::SCWBifWriter::Found the complete platform /home/parallels/zynqberry_0/vitis_workspace/zynqberry_0/export/zynqberry_0/zynqberry_0.xpfm
TRACE::2020-03-28.18:01:00::SCWBifWriter::hardware databse : zsys_wrapper_0
TRACE::2020-03-28.18:01:00::SCWBifWriter::bitstream found in the design
TRACE::2020-03-28.18:01:00::SCWBifWriter::Found a baremetal domain, proc: ps7_cortexa9_0
TRACE::2020-03-28.18:01:00::SCWBifWriter::proc type : 
TRACE::2020-03-28.18:01:00::SCWBifWriter::proc[0] : ps7_cortexa9_0
TRACE::2020-03-28.18:01:00::SCWBifWriter::Device type is : zynq
TRACE::2020-03-28.18:01:00::SCWBifWriter::Writing BIF to file : /home/parallels/zynqberry_0/vitis_workspace/system_bsp_example_1/Debug/system.bif
TRACE::2020-03-28.18:01:00::SCWBifWriter::Writing the Zynq Baremetal bif 
TRACE::2020-03-28.18:13:11::SCWBifWriter::Found the complete platform /home/parallels/zynqberry_0/vitis_workspace/zynqberry_0/export/zynqberry_0/zynqberry_0.xpfm
TRACE::2020-03-28.18:13:11::SCWBifWriter::hardware databse : zsys_wrapper_0
TRACE::2020-03-28.18:13:11::SCWBifWriter::bitstream found in the design
TRACE::2020-03-28.18:13:11::SCWBifWriter::Found a baremetal domain, proc: ps7_cortexa9_0
TRACE::2020-03-28.18:13:11::SCWBifWriter::proc type : 
TRACE::2020-03-28.18:13:11::SCWBifWriter::proc[0] : ps7_cortexa9_0
TRACE::2020-03-28.18:13:11::SCWBifWriter::Device type is : zynq
TRACE::2020-03-28.18:13:11::SCWBifWriter::Writing BIF to file : /home/parallels/zynqberry_0/vitis_workspace/system_bsp_example_1/Debug/system.bif
TRACE::2020-03-28.18:13:11::SCWBifWriter::Writing the Zynq Baremetal bif 
TRACE::2020-03-28.18:14:32::SCWBifWriter::Found the complete platform /home/parallels/zynqberry_0/vitis_workspace/zynqberry_0/export/zynqberry_0/zynqberry_0.xpfm
TRACE::2020-03-28.18:14:32::SCWBifWriter::hardware databse : zsys_wrapper_0
TRACE::2020-03-28.18:14:32::SCWBifWriter::bitstream found in the design
TRACE::2020-03-28.18:14:32::SCWBifWriter::Found a baremetal domain, proc: ps7_cortexa9_0
TRACE::2020-03-28.18:14:32::SCWBifWriter::proc type : 
TRACE::2020-03-28.18:14:32::SCWBifWriter::proc[0] : ps7_cortexa9_0
TRACE::2020-03-28.18:14:32::SCWBifWriter::Device type is : zynq
TRACE::2020-03-28.18:14:32::SCWBifWriter::Writing BIF to file : /home/parallels/zynqberry_0/vitis_workspace/system_bsp_example_1/Debug/system.bif
TRACE::2020-03-28.18:14:32::SCWBifWriter::Writing the Zynq Baremetal bif 
TRACE::2020-03-28.18:19:11::SCWBifWriter::Found the complete platform /home/parallels/zynqberry_0/vitis_workspace/zynqberry_0/export/zynqberry_0/zynqberry_0.xpfm
TRACE::2020-03-28.18:19:11::SCWBifWriter::hardware databse : zsys_wrapper_0
TRACE::2020-03-28.18:19:11::SCWBifWriter::bitstream found in the design
TRACE::2020-03-28.18:19:11::SCWBifWriter::Found a baremetal domain, proc: ps7_cortexa9_0
TRACE::2020-03-28.18:19:11::SCWBifWriter::proc type : 
TRACE::2020-03-28.18:19:11::SCWBifWriter::proc[0] : ps7_cortexa9_0
TRACE::2020-03-28.18:19:11::SCWBifWriter::Device type is : zynq
TRACE::2020-03-28.18:19:11::SCWBifWriter::Writing BIF to file : /home/parallels/zynqberry_0/vitis_workspace/system_bsp_example_1/Debug/system.bif
TRACE::2020-03-28.18:19:11::SCWBifWriter::Writing the Zynq Baremetal bif 
TRACE::2020-03-28.18:20:44::SCWBifWriter::Found the complete platform /home/parallels/zynqberry_0/vitis_workspace/zynqberry_0/export/zynqberry_0/zynqberry_0.xpfm
TRACE::2020-03-28.18:20:44::SCWBifWriter::hardware databse : zsys_wrapper_0
TRACE::2020-03-28.18:20:44::SCWBifWriter::bitstream found in the design
TRACE::2020-03-28.18:20:44::SCWBifWriter::Found a baremetal domain, proc: ps7_cortexa9_0
TRACE::2020-03-28.18:20:44::SCWBifWriter::proc type : 
TRACE::2020-03-28.18:20:44::SCWBifWriter::proc[0] : ps7_cortexa9_0
TRACE::2020-03-28.18:20:44::SCWBifWriter::Device type is : zynq
TRACE::2020-03-28.18:20:44::SCWBifWriter::Writing BIF to file : /home/parallels/zynqberry_0/vitis_workspace/system_bsp_example_1/Debug/system.bif
TRACE::2020-03-28.18:20:44::SCWBifWriter::Writing the Zynq Baremetal bif 
