
*** Running vivado
    with args -log zsys_axis_data_fifo_0_0.vds -m64 -product Vivado -mode batch -messageDb vivado.pb -notrace -source zsys_axis_data_fifo_0_0.tcl


****** Vivado v2019.2 (64-bit)
  **** SW Build 2708876 on Wed Nov  6 21:39:14 MST 2019
  **** IP Build 2700528 on Thu Nov  7 00:09:20 MST 2019
    ** Copyright 1986-2019 Xilinx, Inc. All Rights Reserved.

source zsys_axis_data_fifo_0_0.tcl -notrace
INFO: [IP_Flow 19-234] Refreshing IP repositories
INFO: [IP_Flow 19-1700] Loaded user IP repository '/home/parallels/zynqberry_0/zynqberry_ip_2019-2'.
INFO: [IP_Flow 19-2313] Loaded Vivado IP repository '/tools/Xilinx/Vivado/2019.2/data/ip'.
Command: synth_design -top zsys_axis_data_fifo_0_0 -part xc7z010clg225-1 -mode out_of_context
Starting synth_design
Attempting to get a license for feature 'Synthesis' and/or device 'xc7z010'
INFO: [Common 17-349] Got license for feature 'Synthesis' and/or device 'xc7z010'
INFO: [Device 21-403] Loading part xc7z010clg225-1
INFO: Launching helper process for spawning children vivado processes
INFO: Helper process launched with PID 12146 
---------------------------------------------------------------------------------
Starting RTL Elaboration : Time (s): cpu = 00:00:03 ; elapsed = 00:00:04 . Memory (MB): peak = 2016.258 ; gain = 202.715 ; free physical = 27179 ; free virtual = 31138
---------------------------------------------------------------------------------
INFO: [Synth 8-6157] synthesizing module 'zsys_axis_data_fifo_0_0' [/home/parallels/zynqberry_0/zynqberry_0.srcs/sources_1/bd/zsys/ip/zsys_axis_data_fifo_0_0/synth/zsys_axis_data_fifo_0_0.v:58]
INFO: [Synth 8-6157] synthesizing module 'axis_data_fifo_v2_0_2_top' [/home/parallels/zynqberry_0/zynqberry_0.srcs/sources_1/bd/zsys/ipshared/3341/hdl/axis_data_fifo_v2_0_vl_rfs.v:54]
	Parameter C_FAMILY bound to: zynq - type: string 
	Parameter C_AXIS_TDATA_WIDTH bound to: 16 - type: integer 
	Parameter C_AXIS_TID_WIDTH bound to: 1 - type: integer 
	Parameter C_AXIS_TDEST_WIDTH bound to: 1 - type: integer 
	Parameter C_AXIS_TUSER_WIDTH bound to: 1 - type: integer 
	Parameter C_AXIS_SIGNAL_SET bound to: 32'b00000000000000000000000010010011 
	Parameter C_FIFO_DEPTH bound to: 16384 - type: integer 
	Parameter C_FIFO_MODE bound to: 1 - type: integer 
	Parameter C_IS_ACLK_ASYNC bound to: 1 - type: integer 
	Parameter C_SYNCHRONIZER_STAGE bound to: 3 - type: integer 
	Parameter C_ACLKEN_CONV_MODE bound to: 0 - type: integer 
	Parameter C_ECC_MODE bound to: 0 - type: integer 
	Parameter C_FIFO_MEMORY_TYPE bound to: auto - type: string 
	Parameter C_USE_ADV_FEATURES bound to: 825241648 - type: integer 
	Parameter C_PROG_EMPTY_THRESH bound to: 5 - type: integer 
	Parameter C_PROG_FULL_THRESH bound to: 11 - type: integer 
	Parameter G_INDX_SS_TREADY bound to: 0 - type: integer 
	Parameter G_INDX_SS_TDATA bound to: 1 - type: integer 
	Parameter G_INDX_SS_TSTRB bound to: 2 - type: integer 
	Parameter G_INDX_SS_TKEEP bound to: 3 - type: integer 
	Parameter G_INDX_SS_TLAST bound to: 4 - type: integer 
	Parameter G_INDX_SS_TID bound to: 5 - type: integer 
	Parameter G_INDX_SS_TDEST bound to: 6 - type: integer 
	Parameter G_INDX_SS_TUSER bound to: 7 - type: integer 
	Parameter G_MASK_SS_TREADY bound to: 1 - type: integer 
	Parameter G_MASK_SS_TDATA bound to: 2 - type: integer 
	Parameter G_MASK_SS_TSTRB bound to: 4 - type: integer 
	Parameter G_MASK_SS_TKEEP bound to: 8 - type: integer 
	Parameter G_MASK_SS_TLAST bound to: 16 - type: integer 
	Parameter G_MASK_SS_TID bound to: 32 - type: integer 
	Parameter G_MASK_SS_TDEST bound to: 64 - type: integer 
	Parameter G_MASK_SS_TUSER bound to: 128 - type: integer 
	Parameter G_TASK_SEVERITY_ERR bound to: 2 - type: integer 
	Parameter G_TASK_SEVERITY_WARNING bound to: 1 - type: integer 
	Parameter G_TASK_SEVERITY_INFO bound to: 0 - type: integer 
	Parameter LP_CDC_SYNC_STAGES bound to: 3 - type: integer 
	Parameter LP_CLOCKING_MODE bound to: independent_clock - type: string 
	Parameter LP_ECC_MODE bound to: no_ecc - type: string 
	Parameter LP_FIFO_DEPTH bound to: 16384 - type: integer 
	Parameter LP_FIFO_MEMORY_TYPE bound to: auto - type: string 
	Parameter LP_PACKET_FIFO bound to: false - type: string 
	Parameter LP_PROG_EMPTY_THRESH bound to: 5 - type: integer 
	Parameter LP_PROG_FULL_THRESH bound to: 11 - type: integer 
	Parameter LP_RD_DATA_COUNT_WIDTH bound to: 15 - type: integer 
	Parameter LP_RELATED_CLOCKS bound to: 0 - type: integer 
	Parameter LP_TDATA_WIDTH bound to: 16 - type: integer 
	Parameter LP_TDEST_WIDTH bound to: 1 - type: integer 
	Parameter LP_TID_WIDTH bound to: 1 - type: integer 
	Parameter LP_TUSER_WIDTH bound to: 1 - type: integer 
	Parameter LP_USE_ADV_FEATURES bound to: 825241648 - type: integer 
	Parameter LP_WR_DATA_COUNT_WIDTH bound to: 15 - type: integer 
	Parameter LP_S_ACLKEN_CAN_TOGGLE bound to: 0 - type: integer 
	Parameter LP_M_ACLKEN_CAN_TOGGLE bound to: 0 - type: integer 
INFO: [Synth 8-6157] synthesizing module 'axis_infrastructure_v1_1_0_util_aclken_converter_wrapper' [/home/parallels/zynqberry_0/zynqberry_0.srcs/sources_1/bd/zsys/ipshared/8713/hdl/axis_infrastructure_v1_1_vl_rfs.v:600]
	Parameter C_TDATA_WIDTH bound to: 16 - type: integer 
	Parameter C_TID_WIDTH bound to: 1 - type: integer 
	Parameter C_TDEST_WIDTH bound to: 1 - type: integer 
	Parameter C_TUSER_WIDTH bound to: 1 - type: integer 
	Parameter C_SIGNAL_SET bound to: 255 - type: integer 
	Parameter C_S_ACLKEN_CAN_TOGGLE bound to: 0 - type: integer 
	Parameter C_M_ACLKEN_CAN_TOGGLE bound to: 0 - type: integer 
	Parameter G_INDX_SS_TREADY bound to: 0 - type: integer 
	Parameter G_INDX_SS_TDATA bound to: 1 - type: integer 
	Parameter G_INDX_SS_TSTRB bound to: 2 - type: integer 
	Parameter G_INDX_SS_TKEEP bound to: 3 - type: integer 
	Parameter G_INDX_SS_TLAST bound to: 4 - type: integer 
	Parameter G_INDX_SS_TID bound to: 5 - type: integer 
	Parameter G_INDX_SS_TDEST bound to: 6 - type: integer 
	Parameter G_INDX_SS_TUSER bound to: 7 - type: integer 
	Parameter G_MASK_SS_TREADY bound to: 1 - type: integer 
	Parameter G_MASK_SS_TDATA bound to: 2 - type: integer 
	Parameter G_MASK_SS_TSTRB bound to: 4 - type: integer 
	Parameter G_MASK_SS_TKEEP bound to: 8 - type: integer 
	Parameter G_MASK_SS_TLAST bound to: 16 - type: integer 
	Parameter G_MASK_SS_TID bound to: 32 - type: integer 
	Parameter G_MASK_SS_TDEST bound to: 64 - type: integer 
	Parameter G_MASK_SS_TUSER bound to: 128 - type: integer 
	Parameter G_TASK_SEVERITY_ERR bound to: 2 - type: integer 
	Parameter G_TASK_SEVERITY_WARNING bound to: 1 - type: integer 
	Parameter G_TASK_SEVERITY_INFO bound to: 0 - type: integer 
	Parameter P_TPAYLOAD_WIDTH bound to: 24 - type: integer 
INFO: [Synth 8-6157] synthesizing module 'axis_infrastructure_v1_1_0_util_axis2vector' [/home/parallels/zynqberry_0/zynqberry_0.srcs/sources_1/bd/zsys/ipshared/8713/hdl/axis_infrastructure_v1_1_vl_rfs.v:810]
	Parameter C_TDATA_WIDTH bound to: 16 - type: integer 
	Parameter C_TID_WIDTH bound to: 1 - type: integer 
	Parameter C_TDEST_WIDTH bound to: 1 - type: integer 
	Parameter C_TUSER_WIDTH bound to: 1 - type: integer 
	Parameter C_TPAYLOAD_WIDTH bound to: 24 - type: integer 
	Parameter C_SIGNAL_SET bound to: 255 - type: integer 
	Parameter G_INDX_SS_TREADY bound to: 0 - type: integer 
	Parameter G_INDX_SS_TDATA bound to: 1 - type: integer 
	Parameter G_INDX_SS_TSTRB bound to: 2 - type: integer 
	Parameter G_INDX_SS_TKEEP bound to: 3 - type: integer 
	Parameter G_INDX_SS_TLAST bound to: 4 - type: integer 
	Parameter G_INDX_SS_TID bound to: 5 - type: integer 
	Parameter G_INDX_SS_TDEST bound to: 6 - type: integer 
	Parameter G_INDX_SS_TUSER bound to: 7 - type: integer 
	Parameter G_MASK_SS_TREADY bound to: 1 - type: integer 
	Parameter G_MASK_SS_TDATA bound to: 2 - type: integer 
	Parameter G_MASK_SS_TSTRB bound to: 4 - type: integer 
	Parameter G_MASK_SS_TKEEP bound to: 8 - type: integer 
	Parameter G_MASK_SS_TLAST bound to: 16 - type: integer 
	Parameter G_MASK_SS_TID bound to: 32 - type: integer 
	Parameter G_MASK_SS_TDEST bound to: 64 - type: integer 
	Parameter G_MASK_SS_TUSER bound to: 128 - type: integer 
	Parameter G_TASK_SEVERITY_ERR bound to: 2 - type: integer 
	Parameter G_TASK_SEVERITY_WARNING bound to: 1 - type: integer 
	Parameter G_TASK_SEVERITY_INFO bound to: 0 - type: integer 
	Parameter P_TDATA_INDX bound to: 0 - type: integer 
	Parameter P_TSTRB_INDX bound to: 16 - type: integer 
	Parameter P_TKEEP_INDX bound to: 18 - type: integer 
	Parameter P_TLAST_INDX bound to: 20 - type: integer 
	Parameter P_TID_INDX bound to: 21 - type: integer 
	Parameter P_TDEST_INDX bound to: 22 - type: integer 
	Parameter P_TUSER_INDX bound to: 23 - type: integer 
INFO: [Synth 8-6155] done synthesizing module 'axis_infrastructure_v1_1_0_util_axis2vector' (1#1) [/home/parallels/zynqberry_0/zynqberry_0.srcs/sources_1/bd/zsys/ipshared/8713/hdl/axis_infrastructure_v1_1_vl_rfs.v:810]
INFO: [Synth 8-6157] synthesizing module 'axis_infrastructure_v1_1_0_util_vector2axis' [/home/parallels/zynqberry_0/zynqberry_0.srcs/sources_1/bd/zsys/ipshared/8713/hdl/axis_infrastructure_v1_1_vl_rfs.v:992]
	Parameter C_TDATA_WIDTH bound to: 16 - type: integer 
	Parameter C_TID_WIDTH bound to: 1 - type: integer 
	Parameter C_TDEST_WIDTH bound to: 1 - type: integer 
	Parameter C_TUSER_WIDTH bound to: 1 - type: integer 
	Parameter C_TPAYLOAD_WIDTH bound to: 24 - type: integer 
	Parameter C_SIGNAL_SET bound to: 255 - type: integer 
	Parameter G_INDX_SS_TREADY bound to: 0 - type: integer 
	Parameter G_INDX_SS_TDATA bound to: 1 - type: integer 
	Parameter G_INDX_SS_TSTRB bound to: 2 - type: integer 
	Parameter G_INDX_SS_TKEEP bound to: 3 - type: integer 
	Parameter G_INDX_SS_TLAST bound to: 4 - type: integer 
	Parameter G_INDX_SS_TID bound to: 5 - type: integer 
	Parameter G_INDX_SS_TDEST bound to: 6 - type: integer 
	Parameter G_INDX_SS_TUSER bound to: 7 - type: integer 
	Parameter G_MASK_SS_TREADY bound to: 1 - type: integer 
	Parameter G_MASK_SS_TDATA bound to: 2 - type: integer 
	Parameter G_MASK_SS_TSTRB bound to: 4 - type: integer 
	Parameter G_MASK_SS_TKEEP bound to: 8 - type: integer 
	Parameter G_MASK_SS_TLAST bound to: 16 - type: integer 
	Parameter G_MASK_SS_TID bound to: 32 - type: integer 
	Parameter G_MASK_SS_TDEST bound to: 64 - type: integer 
	Parameter G_MASK_SS_TUSER bound to: 128 - type: integer 
	Parameter G_TASK_SEVERITY_ERR bound to: 2 - type: integer 
	Parameter G_TASK_SEVERITY_WARNING bound to: 1 - type: integer 
	Parameter G_TASK_SEVERITY_INFO bound to: 0 - type: integer 
	Parameter P_TDATA_INDX bound to: 0 - type: integer 
	Parameter P_TSTRB_INDX bound to: 16 - type: integer 
	Parameter P_TKEEP_INDX bound to: 18 - type: integer 
	Parameter P_TLAST_INDX bound to: 20 - type: integer 
	Parameter P_TID_INDX bound to: 21 - type: integer 
	Parameter P_TDEST_INDX bound to: 22 - type: integer 
	Parameter P_TUSER_INDX bound to: 23 - type: integer 
INFO: [Synth 8-6155] done synthesizing module 'axis_infrastructure_v1_1_0_util_vector2axis' (2#1) [/home/parallels/zynqberry_0/zynqberry_0.srcs/sources_1/bd/zsys/ipshared/8713/hdl/axis_infrastructure_v1_1_vl_rfs.v:992]
INFO: [Synth 8-6155] done synthesizing module 'axis_infrastructure_v1_1_0_util_aclken_converter_wrapper' (3#1) [/home/parallels/zynqberry_0/zynqberry_0.srcs/sources_1/bd/zsys/ipshared/8713/hdl/axis_infrastructure_v1_1_vl_rfs.v:600]
INFO: [Synth 8-6157] synthesizing module 'xpm_fifo_axis' [/tools/Xilinx/Vivado/2019.2/data/ip/xpm/xpm_fifo/hdl/xpm_fifo.sv:2225]
	Parameter CLOCKING_MODE bound to: independent_clock - type: string 
	Parameter FIFO_MEMORY_TYPE bound to: auto - type: string 
	Parameter PACKET_FIFO bound to: false - type: string 
	Parameter FIFO_DEPTH bound to: 16384 - type: integer 
	Parameter TDATA_WIDTH bound to: 16 - type: integer 
	Parameter TID_WIDTH bound to: 1 - type: integer 
	Parameter TDEST_WIDTH bound to: 1 - type: integer 
	Parameter TUSER_WIDTH bound to: 1 - type: integer 
	Parameter SIM_ASSERT_CHK bound to: 0 - type: integer 
	Parameter CASCADE_HEIGHT bound to: 0 - type: integer 
	Parameter ECC_MODE bound to: no_ecc - type: string 
	Parameter RELATED_CLOCKS bound to: 0 - type: integer 
	Parameter USE_ADV_FEATURES bound to: 825241648 - type: integer 
	Parameter WR_DATA_COUNT_WIDTH bound to: 15 - type: integer 
	Parameter RD_DATA_COUNT_WIDTH bound to: 15 - type: integer 
	Parameter PROG_FULL_THRESH bound to: 11 - type: integer 
	Parameter PROG_EMPTY_THRESH bound to: 5 - type: integer 
	Parameter CDC_SYNC_STAGES bound to: 3 - type: integer 
	Parameter EN_ADV_FEATURE_AXIS bound to: 16'b0001000000000000 
	Parameter EN_ALMOST_FULL_INT bound to: 1'b0 
	Parameter EN_ALMOST_EMPTY_INT bound to: 1'b0 
	Parameter EN_DATA_VALID_INT bound to: 1'b1 
	Parameter EN_ADV_FEATURE_AXIS_INT bound to: 16'b0001000000000000 
	Parameter USE_ADV_FEATURES_INT bound to: 825241648 - type: integer 
	Parameter PKT_SIZE_LT8 bound to: 1'b0 
	Parameter LOG_DEPTH_AXIS bound to: 14 - type: integer 
	Parameter TDATA_OFFSET bound to: 16 - type: integer 
	Parameter TSTRB_OFFSET bound to: 18 - type: integer 
	Parameter TKEEP_OFFSET bound to: 20 - type: integer 
	Parameter TID_OFFSET bound to: 21 - type: integer 
	Parameter TDEST_OFFSET bound to: 22 - type: integer 
	Parameter TUSER_OFFSET bound to: 23 - type: integer 
	Parameter AXIS_DATA_WIDTH bound to: 24 - type: integer 
	Parameter P_COMMON_CLOCK bound to: 0 - type: integer 
	Parameter P_FIFO_MEMORY_TYPE bound to: 0 - type: integer 
	Parameter P_ECC_MODE bound to: 0 - type: integer 
	Parameter P_PKT_MODE bound to: 0 - type: integer 
	Parameter AXIS_FINAL_DATA_WIDTH bound to: 24 - type: integer 
	Parameter TUSER_MAX_WIDTH bound to: 4073 - type: integer 
INFO: [Synth 8-6157] synthesizing module 'xpm_cdc_sync_rst' [/tools/Xilinx/Vivado/2019.2/data/ip/xpm/xpm_cdc/hdl/xpm_cdc.sv:1059]
	Parameter DEST_SYNC_FF bound to: 3 - type: integer 
	Parameter INIT bound to: 32'sb00000000000000000000000000000000 
	Parameter INIT_SYNC_FF bound to: 1 - type: integer 
	Parameter SIM_ASSERT_CHK bound to: 0 - type: integer 
	Parameter VERSION bound to: 0 - type: integer 
	Parameter DEF_VAL bound to: 1'b0 
INFO: [Synth 8-5534] Detected attribute (* ASYNC_REG = "TRUE" *) [/tools/Xilinx/Vivado/2019.2/data/ip/xpm/xpm_cdc/hdl/xpm_cdc.sv:1111]
INFO: [Synth 8-6155] done synthesizing module 'xpm_cdc_sync_rst' (4#1) [/tools/Xilinx/Vivado/2019.2/data/ip/xpm/xpm_cdc/hdl/xpm_cdc.sv:1059]
INFO: [Synth 8-6157] synthesizing module 'xpm_fifo_base' [/tools/Xilinx/Vivado/2019.2/data/ip/xpm/xpm_fifo/hdl/xpm_fifo.sv:56]
	Parameter COMMON_CLOCK bound to: 0 - type: integer 
	Parameter RELATED_CLOCKS bound to: 0 - type: integer 
	Parameter FIFO_MEMORY_TYPE bound to: 0 - type: integer 
	Parameter ECC_MODE bound to: 0 - type: integer 
	Parameter SIM_ASSERT_CHK bound to: 0 - type: integer 
	Parameter CASCADE_HEIGHT bound to: 0 - type: integer 
	Parameter FIFO_WRITE_DEPTH bound to: 16384 - type: integer 
	Parameter WRITE_DATA_WIDTH bound to: 24 - type: integer 
	Parameter WR_DATA_COUNT_WIDTH bound to: 15 - type: integer 
	Parameter PROG_FULL_THRESH bound to: 11 - type: integer 
	Parameter USE_ADV_FEATURES bound to: 825241648 - type: integer 
	Parameter READ_MODE bound to: 1 - type: integer 
	Parameter FIFO_READ_LATENCY bound to: 0 - type: integer 
	Parameter READ_DATA_WIDTH bound to: 24 - type: integer 
	Parameter RD_DATA_COUNT_WIDTH bound to: 15 - type: integer 
	Parameter PROG_EMPTY_THRESH bound to: 5 - type: integer 
	Parameter DOUT_RESET_VALUE bound to: (null) - type: string 
	Parameter CDC_DEST_SYNC_FF bound to: 3 - type: integer 
	Parameter FULL_RESET_VALUE bound to: 1 - type: integer 
	Parameter REMOVE_WR_RD_PROT_LOGIC bound to: 0 - type: integer 
	Parameter WAKEUP_TIME bound to: 0 - type: integer 
	Parameter VERSION bound to: 0 - type: integer 
	Parameter invalid bound to: 0 - type: integer 
	Parameter stage1_valid bound to: 2 - type: integer 
	Parameter stage2_valid bound to: 1 - type: integer 
	Parameter both_stages_valid bound to: 3 - type: integer 
	Parameter FIFO_MEM_TYPE bound to: 0 - type: integer 
	Parameter RD_MODE bound to: 1 - type: integer 
	Parameter ENABLE_ECC bound to: 0 - type: integer 
	Parameter FIFO_READ_DEPTH bound to: 16384 - type: integer 
	Parameter FIFO_SIZE bound to: 393216 - type: integer 
	Parameter WR_WIDTH_LOG bound to: 5 - type: integer 
	Parameter WR_DEPTH_LOG bound to: 14 - type: integer 
	Parameter WR_PNTR_WIDTH bound to: 14 - type: integer 
	Parameter RD_PNTR_WIDTH bound to: 14 - type: integer 
	Parameter FULL_RST_VAL bound to: 1'b1 
	Parameter WR_RD_RATIO bound to: 0 - type: integer 
	Parameter PF_THRESH_ADJ bound to: 9 - type: integer 
	Parameter PE_THRESH_ADJ bound to: 3 - type: integer 
	Parameter PF_THRESH_MIN bound to: 8 - type: integer 
	Parameter PF_THRESH_MAX bound to: 16379 - type: integer 
	Parameter PE_THRESH_MIN bound to: 5 - type: integer 
	Parameter PE_THRESH_MAX bound to: 16379 - type: integer 
	Parameter WR_DC_WIDTH_EXT bound to: 15 - type: integer 
	Parameter RD_DC_WIDTH_EXT bound to: 15 - type: integer 
	Parameter RD_LATENCY bound to: 2 - type: integer 
	Parameter WIDTH_RATIO bound to: 1 - type: integer 
	Parameter EN_ADV_FEATURE bound to: 16'b0001000000000000 
	Parameter EN_OF bound to: 1'b0 
	Parameter EN_PF bound to: 1'b0 
	Parameter EN_WDC bound to: 1'b0 
	Parameter EN_AF bound to: 1'b0 
	Parameter EN_WACK bound to: 1'b0 
	Parameter FG_EQ_ASYM_DOUT bound to: 1'b0 
	Parameter EN_UF bound to: 1'b0 
	Parameter EN_PE bound to: 1'b0 
	Parameter EN_RDC bound to: 1'b0 
	Parameter EN_AE bound to: 1'b0 
	Parameter EN_DVLD bound to: 1'b1 
INFO: [Synth 8-6157] synthesizing module 'xpm_memory_base' [/tools/Xilinx/Vivado/2019.2/data/ip/xpm/xpm_memory/hdl/xpm_memory.sv:57]
	Parameter MEMORY_TYPE bound to: 1 - type: integer 
	Parameter MEMORY_SIZE bound to: 393216 - type: integer 
	Parameter MEMORY_PRIMITIVE bound to: 0 - type: integer 
	Parameter CLOCKING_MODE bound to: 1 - type: integer 
	Parameter ECC_MODE bound to: 0 - type: integer 
	Parameter MEMORY_INIT_FILE bound to: none - type: string 
	Parameter MEMORY_INIT_PARAM bound to: (null) - type: string 
	Parameter USE_MEM_INIT bound to: 0 - type: integer 
	Parameter MEMORY_OPTIMIZATION bound to: true - type: string 
	Parameter WAKEUP_TIME bound to: 0 - type: integer 
	Parameter AUTO_SLEEP_TIME bound to: 0 - type: integer 
	Parameter MESSAGE_CONTROL bound to: 0 - type: integer 
	Parameter VERSION bound to: 0 - type: integer 
	Parameter USE_EMBEDDED_CONSTRAINT bound to: 0 - type: integer 
	Parameter CASCADE_HEIGHT bound to: 0 - type: integer 
	Parameter SIM_ASSERT_CHK bound to: 0 - type: integer 
	Parameter WRITE_DATA_WIDTH_A bound to: 24 - type: integer 
	Parameter READ_DATA_WIDTH_A bound to: 24 - type: integer 
	Parameter BYTE_WRITE_WIDTH_A bound to: 24 - type: integer 
	Parameter ADDR_WIDTH_A bound to: 14 - type: integer 
	Parameter READ_RESET_VALUE_A bound to: 0 - type: string 
	Parameter READ_LATENCY_A bound to: 2 - type: integer 
	Parameter WRITE_MODE_A bound to: 2 - type: integer 
	Parameter RST_MODE_A bound to: SYNC - type: string 
	Parameter WRITE_DATA_WIDTH_B bound to: 24 - type: integer 
	Parameter READ_DATA_WIDTH_B bound to: 24 - type: integer 
	Parameter BYTE_WRITE_WIDTH_B bound to: 24 - type: integer 
	Parameter ADDR_WIDTH_B bound to: 14 - type: integer 
	Parameter READ_RESET_VALUE_B bound to: (null) - type: string 
	Parameter READ_LATENCY_B bound to: 2 - type: integer 
	Parameter WRITE_MODE_B bound to: 2 - type: integer 
	Parameter RST_MODE_B bound to: SYNC - type: string 
	Parameter P_MEMORY_PRIMITIVE bound to: auto - type: string 
	Parameter P_MIN_WIDTH_DATA_A bound to: 24 - type: integer 
	Parameter P_MIN_WIDTH_DATA_B bound to: 24 - type: integer 
	Parameter P_MIN_WIDTH_DATA bound to: 24 - type: integer 
	Parameter P_MIN_WIDTH_DATA_ECC bound to: 24 - type: integer 
	Parameter P_MAX_DEPTH_DATA bound to: 16384 - type: integer 
	Parameter P_ECC_MODE bound to: no_ecc - type: string 
	Parameter P_MEMORY_OPT bound to: yes - type: string 
	Parameter P_WIDTH_COL_WRITE_A bound to: 24 - type: integer 
	Parameter P_WIDTH_COL_WRITE_B bound to: 24 - type: integer 
	Parameter P_NUM_COLS_WRITE_A bound to: 1 - type: integer 
	Parameter P_NUM_COLS_WRITE_B bound to: 1 - type: integer 
	Parameter P_NUM_ROWS_WRITE_A bound to: 1 - type: integer 
	Parameter P_NUM_ROWS_WRITE_B bound to: 1 - type: integer 
	Parameter P_NUM_ROWS_READ_A bound to: 1 - type: integer 
	Parameter P_NUM_ROWS_READ_B bound to: 1 - type: integer 
	Parameter P_WIDTH_ADDR_WRITE_A bound to: 14 - type: integer 
	Parameter P_WIDTH_ADDR_WRITE_B bound to: 14 - type: integer 
	Parameter P_WIDTH_ADDR_READ_A bound to: 14 - type: integer 
	Parameter P_WIDTH_ADDR_READ_B bound to: 14 - type: integer 
	Parameter P_WIDTH_ADDR_LSB_WRITE_A bound to: 0 - type: integer 
	Parameter P_WIDTH_ADDR_LSB_WRITE_B bound to: 0 - type: integer 
	Parameter P_WIDTH_ADDR_LSB_READ_A bound to: 0 - type: integer 
	Parameter P_WIDTH_ADDR_LSB_READ_B bound to: 0 - type: integer 
	Parameter P_ENABLE_BYTE_WRITE_A bound to: 0 - type: integer 
	Parameter P_ENABLE_BYTE_WRITE_B bound to: 0 - type: integer 
	Parameter P_SDP_WRITE_MODE bound to: yes - type: string 
	Parameter rsta_loop_iter bound to: 24 - type: integer 
	Parameter rstb_loop_iter bound to: 24 - type: integer 
	Parameter NUM_CHAR_LOC bound to: 0 - type: integer 
	Parameter MAX_NUM_CHAR bound to: 0 - type: integer 
	Parameter P_MIN_WIDTH_DATA_SHFT bound to: 24 - type: integer 
	Parameter P_MIN_WIDTH_DATA_LDW bound to: 4 - type: integer 
INFO: [Synth 8-6059] Synth Info: [XPM_MEMORY 20-1] MEMORY_PRIMITIVE (0) instructs Vivado Synthesis to choose the memory primitive type. Depending on their values, other XPM_MEMORY parameters may preclude the choice of certain memory primitive types. Review XPM_MEMORY documentation and parameter values to understand any limitations, or set MEMORY_PRIMITIVE to a different value.   [/tools/Xilinx/Vivado/2019.2/data/ip/xpm/xpm_memory/hdl/xpm_memory.sv:484]
WARNING: [Synth 8-6014] Unused sequential element gen_rd_b.gen_doutb_pipe.enb_pipe_reg[0] was removed.  [/tools/Xilinx/Vivado/2019.2/data/ip/xpm/xpm_memory/hdl/xpm_memory.sv:2882]
INFO: [Synth 8-5772] Detected attribute (* ram_optimization = "yes" *) on RAM gen_wr_a.gen_word_narrow.mem_reg 
INFO: [Synth 8-5772] Detected attribute (* ram_ecc = "no_ecc" *) on RAM gen_wr_a.gen_word_narrow.mem_reg 
INFO: [Synth 8-6155] done synthesizing module 'xpm_memory_base' (5#1) [/tools/Xilinx/Vivado/2019.2/data/ip/xpm/xpm_memory/hdl/xpm_memory.sv:57]
INFO: [Synth 8-6157] synthesizing module 'xpm_cdc_gray' [/tools/Xilinx/Vivado/2019.2/data/ip/xpm/xpm_cdc/hdl/xpm_cdc.sv:284]
	Parameter DEST_SYNC_FF bound to: 3 - type: integer 
	Parameter INIT_SYNC_FF bound to: 1 - type: integer 
	Parameter REG_OUTPUT bound to: 0 - type: integer 
	Parameter SIM_ASSERT_CHK bound to: 0 - type: integer 
	Parameter SIM_LOSSLESS_GRAY_CHK bound to: 0 - type: integer 
	Parameter VERSION bound to: 0 - type: integer 
	Parameter WIDTH bound to: 14 - type: integer 
INFO: [Synth 8-5534] Detected attribute (* ASYNC_REG = "TRUE" *) [/tools/Xilinx/Vivado/2019.2/data/ip/xpm/xpm_cdc/hdl/xpm_cdc.sv:358]
WARNING: [Synth 8-6014] Unused sequential element dest_out_bin_ff_reg was removed.  [/tools/Xilinx/Vivado/2019.2/data/ip/xpm/xpm_cdc/hdl/xpm_cdc.sv:417]
INFO: [Synth 8-6155] done synthesizing module 'xpm_cdc_gray' (6#1) [/tools/Xilinx/Vivado/2019.2/data/ip/xpm/xpm_cdc/hdl/xpm_cdc.sv:284]
INFO: [Synth 8-6157] synthesizing module 'xpm_fifo_reg_vec' [/tools/Xilinx/Vivado/2019.2/data/ip/xpm/xpm_fifo/hdl/xpm_fifo.sv:1768]
	Parameter REG_WIDTH bound to: 14 - type: integer 
INFO: [Synth 8-6155] done synthesizing module 'xpm_fifo_reg_vec' (7#1) [/tools/Xilinx/Vivado/2019.2/data/ip/xpm/xpm_fifo/hdl/xpm_fifo.sv:1768]
INFO: [Synth 8-6157] synthesizing module 'xpm_cdc_gray__parameterized0' [/tools/Xilinx/Vivado/2019.2/data/ip/xpm/xpm_cdc/hdl/xpm_cdc.sv:284]
	Parameter DEST_SYNC_FF bound to: 5 - type: integer 
	Parameter INIT_SYNC_FF bound to: 1 - type: integer 
	Parameter REG_OUTPUT bound to: 0 - type: integer 
	Parameter SIM_ASSERT_CHK bound to: 0 - type: integer 
	Parameter SIM_LOSSLESS_GRAY_CHK bound to: 0 - type: integer 
	Parameter VERSION bound to: 0 - type: integer 
	Parameter WIDTH bound to: 15 - type: integer 
WARNING: [Synth 8-6014] Unused sequential element dest_out_bin_ff_reg was removed.  [/tools/Xilinx/Vivado/2019.2/data/ip/xpm/xpm_cdc/hdl/xpm_cdc.sv:417]
INFO: [Synth 8-6155] done synthesizing module 'xpm_cdc_gray__parameterized0' (7#1) [/tools/Xilinx/Vivado/2019.2/data/ip/xpm/xpm_cdc/hdl/xpm_cdc.sv:284]
INFO: [Synth 8-6157] synthesizing module 'xpm_fifo_reg_vec__parameterized0' [/tools/Xilinx/Vivado/2019.2/data/ip/xpm/xpm_fifo/hdl/xpm_fifo.sv:1768]
	Parameter REG_WIDTH bound to: 15 - type: integer 
INFO: [Synth 8-6155] done synthesizing module 'xpm_fifo_reg_vec__parameterized0' (7#1) [/tools/Xilinx/Vivado/2019.2/data/ip/xpm/xpm_fifo/hdl/xpm_fifo.sv:1768]
INFO: [Synth 8-6157] synthesizing module 'xpm_cdc_gray__parameterized1' [/tools/Xilinx/Vivado/2019.2/data/ip/xpm/xpm_cdc/hdl/xpm_cdc.sv:284]
	Parameter DEST_SYNC_FF bound to: 3 - type: integer 
	Parameter INIT_SYNC_FF bound to: 1 - type: integer 
	Parameter REG_OUTPUT bound to: 0 - type: integer 
	Parameter SIM_ASSERT_CHK bound to: 0 - type: integer 
	Parameter SIM_LOSSLESS_GRAY_CHK bound to: 0 - type: integer 
	Parameter VERSION bound to: 0 - type: integer 
	Parameter WIDTH bound to: 15 - type: integer 
WARNING: [Synth 8-6014] Unused sequential element dest_out_bin_ff_reg was removed.  [/tools/Xilinx/Vivado/2019.2/data/ip/xpm/xpm_cdc/hdl/xpm_cdc.sv:417]
INFO: [Synth 8-6155] done synthesizing module 'xpm_cdc_gray__parameterized1' (7#1) [/tools/Xilinx/Vivado/2019.2/data/ip/xpm/xpm_cdc/hdl/xpm_cdc.sv:284]
INFO: [Synth 8-6157] synthesizing module 'xpm_fifo_reg_bit' [/tools/Xilinx/Vivado/2019.2/data/ip/xpm/xpm_fifo/hdl/xpm_fifo.sv:1790]
	Parameter RST_VALUE bound to: 0 - type: integer 
INFO: [Synth 8-6155] done synthesizing module 'xpm_fifo_reg_bit' (8#1) [/tools/Xilinx/Vivado/2019.2/data/ip/xpm/xpm_fifo/hdl/xpm_fifo.sv:1790]
INFO: [Synth 8-226] default block is never used [/tools/Xilinx/Vivado/2019.2/data/ip/xpm/xpm_fifo/hdl/xpm_fifo.sv:1189]
INFO: [Synth 8-226] default block is never used [/tools/Xilinx/Vivado/2019.2/data/ip/xpm/xpm_fifo/hdl/xpm_fifo.sv:1235]
INFO: [Synth 8-226] default block is never used [/tools/Xilinx/Vivado/2019.2/data/ip/xpm/xpm_fifo/hdl/xpm_fifo.sv:1246]
INFO: [Synth 8-6157] synthesizing module 'xpm_counter_updn' [/tools/Xilinx/Vivado/2019.2/data/ip/xpm/xpm_fifo/hdl/xpm_fifo.sv:1742]
	Parameter COUNTER_WIDTH bound to: 2 - type: integer 
	Parameter RESET_VALUE bound to: 0 - type: integer 
INFO: [Synth 8-6155] done synthesizing module 'xpm_counter_updn' (9#1) [/tools/Xilinx/Vivado/2019.2/data/ip/xpm/xpm_fifo/hdl/xpm_fifo.sv:1742]
INFO: [Synth 8-6157] synthesizing module 'xpm_fifo_rst' [/tools/Xilinx/Vivado/2019.2/data/ip/xpm/xpm_fifo/hdl/xpm_fifo.sv:1506]
	Parameter COMMON_CLOCK bound to: 0 - type: integer 
	Parameter CDC_DEST_SYNC_FF bound to: 3 - type: integer 
	Parameter SIM_ASSERT_CHK bound to: 0 - type: integer 
INFO: [Synth 8-5534] Detected attribute (* fsm_safe_state = "default_state" *) [/tools/Xilinx/Vivado/2019.2/data/ip/xpm/xpm_fifo/hdl/xpm_fifo.sv:1574]
INFO: [Synth 8-5534] Detected attribute (* fsm_safe_state = "default_state" *) [/tools/Xilinx/Vivado/2019.2/data/ip/xpm/xpm_fifo/hdl/xpm_fifo.sv:1580]
INFO: [Synth 8-6155] done synthesizing module 'xpm_fifo_rst' (10#1) [/tools/Xilinx/Vivado/2019.2/data/ip/xpm/xpm_fifo/hdl/xpm_fifo.sv:1506]
INFO: [Synth 8-6157] synthesizing module 'xpm_counter_updn__parameterized0' [/tools/Xilinx/Vivado/2019.2/data/ip/xpm/xpm_fifo/hdl/xpm_fifo.sv:1742]
	Parameter COUNTER_WIDTH bound to: 15 - type: integer 
	Parameter RESET_VALUE bound to: 0 - type: integer 
INFO: [Synth 8-6155] done synthesizing module 'xpm_counter_updn__parameterized0' (10#1) [/tools/Xilinx/Vivado/2019.2/data/ip/xpm/xpm_fifo/hdl/xpm_fifo.sv:1742]
INFO: [Synth 8-6157] synthesizing module 'xpm_counter_updn__parameterized1' [/tools/Xilinx/Vivado/2019.2/data/ip/xpm/xpm_fifo/hdl/xpm_fifo.sv:1742]
	Parameter COUNTER_WIDTH bound to: 14 - type: integer 
	Parameter RESET_VALUE bound to: 1 - type: integer 
INFO: [Synth 8-6155] done synthesizing module 'xpm_counter_updn__parameterized1' (10#1) [/tools/Xilinx/Vivado/2019.2/data/ip/xpm/xpm_fifo/hdl/xpm_fifo.sv:1742]
INFO: [Synth 8-6157] synthesizing module 'xpm_counter_updn__parameterized2' [/tools/Xilinx/Vivado/2019.2/data/ip/xpm/xpm_fifo/hdl/xpm_fifo.sv:1742]
	Parameter COUNTER_WIDTH bound to: 14 - type: integer 
	Parameter RESET_VALUE bound to: 2 - type: integer 
INFO: [Synth 8-6155] done synthesizing module 'xpm_counter_updn__parameterized2' (10#1) [/tools/Xilinx/Vivado/2019.2/data/ip/xpm/xpm_fifo/hdl/xpm_fifo.sv:1742]
WARNING: [Synth 8-6014] Unused sequential element gdvld.data_valid_std_reg was removed.  [/tools/Xilinx/Vivado/2019.2/data/ip/xpm/xpm_fifo/hdl/xpm_fifo.sv:524]
INFO: [Synth 8-5772] Detected attribute (* rw_addr_collision = "yes" *) on RAM gen_wr_a.gen_word_narrow.mem_reg 
INFO: [Synth 8-5772] Detected attribute (* ram_optimization = "yes" *) on RAM gen_wr_a.gen_word_narrow.mem_reg 
INFO: [Synth 8-4471] merging register 'gen_fwft.empty_fwft_fb_reg' into 'gen_fwft.empty_fwft_i_reg' [/tools/Xilinx/Vivado/2019.2/data/ip/xpm/xpm_fifo/hdl/xpm_fifo.sv:1294]
WARNING: [Synth 8-6014] Unused sequential element gen_fwft.empty_fwft_fb_reg was removed.  [/tools/Xilinx/Vivado/2019.2/data/ip/xpm/xpm_fifo/hdl/xpm_fifo.sv:1294]
INFO: [Synth 8-6155] done synthesizing module 'xpm_fifo_base' (11#1) [/tools/Xilinx/Vivado/2019.2/data/ip/xpm/xpm_fifo/hdl/xpm_fifo.sv:56]
INFO: [Synth 8-5772] Detected attribute (* rw_addr_collision = "yes" *) on RAM gen_wr_a.gen_word_narrow.mem_reg 
INFO: [Synth 8-5772] Detected attribute (* ram_optimization = "yes" *) on RAM gen_wr_a.gen_word_narrow.mem_reg 
INFO: [Synth 8-6155] done synthesizing module 'xpm_fifo_axis' (12#1) [/tools/Xilinx/Vivado/2019.2/data/ip/xpm/xpm_fifo/hdl/xpm_fifo.sv:2225]
INFO: [Synth 8-5772] Detected attribute (* rw_addr_collision = "yes" *) on RAM gen_wr_a.gen_word_narrow.mem_reg 
INFO: [Synth 8-5772] Detected attribute (* ram_optimization = "yes" *) on RAM gen_wr_a.gen_word_narrow.mem_reg 
INFO: [Synth 8-6155] done synthesizing module 'axis_data_fifo_v2_0_2_top' (13#1) [/home/parallels/zynqberry_0/zynqberry_0.srcs/sources_1/bd/zsys/ipshared/3341/hdl/axis_data_fifo_v2_0_vl_rfs.v:54]
INFO: [Synth 8-5772] Detected attribute (* rw_addr_collision = "yes" *) on RAM gen_wr_a.gen_word_narrow.mem_reg 
INFO: [Synth 8-5772] Detected attribute (* ram_optimization = "yes" *) on RAM gen_wr_a.gen_word_narrow.mem_reg 
INFO: [Synth 8-6155] done synthesizing module 'zsys_axis_data_fifo_0_0' (14#1) [/home/parallels/zynqberry_0/zynqberry_0.srcs/sources_1/bd/zsys/ip/zsys_axis_data_fifo_0_0/synth/zsys_axis_data_fifo_0_0.v:58]
WARNING: [Synth 8-3331] design axis_infrastructure_v1_1_0_util_aclken_converter_wrapper has unconnected port ACLK
WARNING: [Synth 8-3331] design axis_infrastructure_v1_1_0_util_aclken_converter_wrapper has unconnected port ARESETN
WARNING: [Synth 8-3331] design axis_infrastructure_v1_1_0_util_aclken_converter_wrapper has unconnected port S_ACLKEN
WARNING: [Synth 8-3331] design axis_infrastructure_v1_1_0_util_aclken_converter_wrapper has unconnected port M_ACLKEN
WARNING: [Synth 8-3331] design xpm_memory_base has unconnected port sleep
WARNING: [Synth 8-3331] design xpm_memory_base has unconnected port rsta
WARNING: [Synth 8-3331] design xpm_memory_base has unconnected port regcea
WARNING: [Synth 8-3331] design xpm_memory_base has unconnected port injectsbiterra
WARNING: [Synth 8-3331] design xpm_memory_base has unconnected port injectdbiterra
WARNING: [Synth 8-3331] design xpm_memory_base has unconnected port dinb[23]
WARNING: [Synth 8-3331] design xpm_memory_base has unconnected port dinb[22]
WARNING: [Synth 8-3331] design xpm_memory_base has unconnected port dinb[21]
WARNING: [Synth 8-3331] design xpm_memory_base has unconnected port dinb[20]
WARNING: [Synth 8-3331] design xpm_memory_base has unconnected port dinb[19]
WARNING: [Synth 8-3331] design xpm_memory_base has unconnected port dinb[18]
WARNING: [Synth 8-3331] design xpm_memory_base has unconnected port dinb[17]
WARNING: [Synth 8-3331] design xpm_memory_base has unconnected port dinb[16]
WARNING: [Synth 8-3331] design xpm_memory_base has unconnected port dinb[15]
WARNING: [Synth 8-3331] design xpm_memory_base has unconnected port dinb[14]
WARNING: [Synth 8-3331] design xpm_memory_base has unconnected port dinb[13]
WARNING: [Synth 8-3331] design xpm_memory_base has unconnected port dinb[12]
WARNING: [Synth 8-3331] design xpm_memory_base has unconnected port dinb[11]
WARNING: [Synth 8-3331] design xpm_memory_base has unconnected port dinb[10]
WARNING: [Synth 8-3331] design xpm_memory_base has unconnected port dinb[9]
WARNING: [Synth 8-3331] design xpm_memory_base has unconnected port dinb[8]
WARNING: [Synth 8-3331] design xpm_memory_base has unconnected port dinb[7]
WARNING: [Synth 8-3331] design xpm_memory_base has unconnected port dinb[6]
WARNING: [Synth 8-3331] design xpm_memory_base has unconnected port dinb[5]
WARNING: [Synth 8-3331] design xpm_memory_base has unconnected port dinb[4]
WARNING: [Synth 8-3331] design xpm_memory_base has unconnected port dinb[3]
WARNING: [Synth 8-3331] design xpm_memory_base has unconnected port dinb[2]
WARNING: [Synth 8-3331] design xpm_memory_base has unconnected port dinb[1]
WARNING: [Synth 8-3331] design xpm_memory_base has unconnected port dinb[0]
WARNING: [Synth 8-3331] design xpm_memory_base has unconnected port injectsbiterrb
WARNING: [Synth 8-3331] design xpm_memory_base has unconnected port injectdbiterrb
---------------------------------------------------------------------------------
Finished RTL Elaboration : Time (s): cpu = 00:00:05 ; elapsed = 00:00:06 . Memory (MB): peak = 2082.977 ; gain = 269.434 ; free physical = 27207 ; free virtual = 31159
---------------------------------------------------------------------------------

Report Check Netlist: 
+------+------------------+-------+---------+-------+------------------+
|      |Item              |Errors |Warnings |Status |Description       |
+------+------------------+-------+---------+-------+------------------+
|1     |multi_driven_nets |      0|        0|Passed |Multi driven nets |
+------+------------------+-------+---------+-------+------------------+
---------------------------------------------------------------------------------
Start Handling Custom Attributes
---------------------------------------------------------------------------------
---------------------------------------------------------------------------------
Finished Handling Custom Attributes : Time (s): cpu = 00:00:05 ; elapsed = 00:00:07 . Memory (MB): peak = 2091.883 ; gain = 278.340 ; free physical = 27144 ; free virtual = 31096
---------------------------------------------------------------------------------
---------------------------------------------------------------------------------
Finished RTL Optimization Phase 1 : Time (s): cpu = 00:00:05 ; elapsed = 00:00:07 . Memory (MB): peak = 2091.883 ; gain = 278.340 ; free physical = 27144 ; free virtual = 31096
---------------------------------------------------------------------------------
Netlist sorting complete. Time (s): cpu = 00:00:00.01 ; elapsed = 00:00:00.01 . Memory (MB): peak = 2091.883 ; gain = 0.000 ; free physical = 27122 ; free virtual = 31073
INFO: [Project 1-570] Preparing netlist for logic optimization

Processing XDC Constraints
Initializing timing engine
Parsing XDC File [/home/parallels/zynqberry_0/zynqberry_0.srcs/sources_1/bd/zsys/ip/zsys_axis_data_fifo_0_0/zsys_axis_data_fifo_0_0_ooc.xdc] for cell 'inst'
Finished Parsing XDC File [/home/parallels/zynqberry_0/zynqberry_0.srcs/sources_1/bd/zsys/ip/zsys_axis_data_fifo_0_0/zsys_axis_data_fifo_0_0_ooc.xdc] for cell 'inst'
Parsing XDC File [/home/parallels/zynqberry_0/zynqberry_0.runs/zsys_axis_data_fifo_0_0_synth_1/dont_touch.xdc]
Finished Parsing XDC File [/home/parallels/zynqberry_0/zynqberry_0.runs/zsys_axis_data_fifo_0_0_synth_1/dont_touch.xdc]
Sourcing Tcl File [/tools/Xilinx/Vivado/2019.2/data/ip/xpm/xpm_cdc/tcl/xpm_cdc_gray.tcl] for cell 'inst/gen_fifo.xpm_fifo_axis_inst/xpm_fifo_base_inst/gen_cdc_pntr.rd_pntr_cdc_inst'
Finished Sourcing Tcl File [/tools/Xilinx/Vivado/2019.2/data/ip/xpm/xpm_cdc/tcl/xpm_cdc_gray.tcl] for cell 'inst/gen_fifo.xpm_fifo_axis_inst/xpm_fifo_base_inst/gen_cdc_pntr.rd_pntr_cdc_inst'
Sourcing Tcl File [/tools/Xilinx/Vivado/2019.2/data/ip/xpm/xpm_cdc/tcl/xpm_cdc_gray.tcl] for cell 'inst/gen_fifo.xpm_fifo_axis_inst/xpm_fifo_base_inst/gen_cdc_pntr.wr_pntr_cdc_inst'
Finished Sourcing Tcl File [/tools/Xilinx/Vivado/2019.2/data/ip/xpm/xpm_cdc/tcl/xpm_cdc_gray.tcl] for cell 'inst/gen_fifo.xpm_fifo_axis_inst/xpm_fifo_base_inst/gen_cdc_pntr.wr_pntr_cdc_inst'
Sourcing Tcl File [/tools/Xilinx/Vivado/2019.2/data/ip/xpm/xpm_cdc/tcl/xpm_cdc_gray.tcl] for cell 'inst/gen_fifo.xpm_fifo_axis_inst/xpm_fifo_base_inst/gen_cdc_pntr.wr_pntr_cdc_dc_inst'
Finished Sourcing Tcl File [/tools/Xilinx/Vivado/2019.2/data/ip/xpm/xpm_cdc/tcl/xpm_cdc_gray.tcl] for cell 'inst/gen_fifo.xpm_fifo_axis_inst/xpm_fifo_base_inst/gen_cdc_pntr.wr_pntr_cdc_dc_inst'
Sourcing Tcl File [/tools/Xilinx/Vivado/2019.2/data/ip/xpm/xpm_cdc/tcl/xpm_cdc_gray.tcl] for cell 'inst/gen_fifo.xpm_fifo_axis_inst/xpm_fifo_base_inst/gen_cdc_pntr.rd_pntr_cdc_dc_inst'
Finished Sourcing Tcl File [/tools/Xilinx/Vivado/2019.2/data/ip/xpm/xpm_cdc/tcl/xpm_cdc_gray.tcl] for cell 'inst/gen_fifo.xpm_fifo_axis_inst/xpm_fifo_base_inst/gen_cdc_pntr.rd_pntr_cdc_dc_inst'
INFO: [Project 1-236] Implementation specific constraints were found while reading constraint file [/tools/Xilinx/Vivado/2019.2/data/ip/xpm/xpm_cdc/tcl/xpm_cdc_gray.tcl]. These constraints will be ignored for synthesis but will be used in implementation. Impacted constraints are listed in the file [.Xil/zsys_axis_data_fifo_0_0_propImpl.xdc].
Resolution: To avoid this warning, move constraints listed in [.Xil/zsys_axis_data_fifo_0_0_propImpl.xdc] to another XDC file and exclude this new file from synthesis with the used_in_synthesis property (File Properties dialog in GUI) and re-run elaboration/synthesis.
Sourcing Tcl File [/tools/Xilinx/Vivado/2019.2/data/ip/xpm/xpm_cdc/tcl/xpm_cdc_sync_rst.tcl] for cell 'inst/gen_fifo.xpm_fifo_axis_inst/gaxis_rst_sync.xpm_cdc_sync_rst_inst'
Finished Sourcing Tcl File [/tools/Xilinx/Vivado/2019.2/data/ip/xpm/xpm_cdc/tcl/xpm_cdc_sync_rst.tcl] for cell 'inst/gen_fifo.xpm_fifo_axis_inst/gaxis_rst_sync.xpm_cdc_sync_rst_inst'
Sourcing Tcl File [/tools/Xilinx/Vivado/2019.2/data/ip/xpm/xpm_cdc/tcl/xpm_cdc_sync_rst.tcl] for cell 'inst/gen_fifo.xpm_fifo_axis_inst/xpm_fifo_base_inst/xpm_fifo_rst_inst/gen_rst_ic.rrst_wr_inst'
Finished Sourcing Tcl File [/tools/Xilinx/Vivado/2019.2/data/ip/xpm/xpm_cdc/tcl/xpm_cdc_sync_rst.tcl] for cell 'inst/gen_fifo.xpm_fifo_axis_inst/xpm_fifo_base_inst/xpm_fifo_rst_inst/gen_rst_ic.rrst_wr_inst'
Sourcing Tcl File [/tools/Xilinx/Vivado/2019.2/data/ip/xpm/xpm_cdc/tcl/xpm_cdc_sync_rst.tcl] for cell 'inst/gen_fifo.xpm_fifo_axis_inst/xpm_fifo_base_inst/xpm_fifo_rst_inst/gen_rst_ic.wrst_rd_inst'
Finished Sourcing Tcl File [/tools/Xilinx/Vivado/2019.2/data/ip/xpm/xpm_cdc/tcl/xpm_cdc_sync_rst.tcl] for cell 'inst/gen_fifo.xpm_fifo_axis_inst/xpm_fifo_base_inst/xpm_fifo_rst_inst/gen_rst_ic.wrst_rd_inst'
Sourcing Tcl File [/tools/Xilinx/Vivado/2019.2/data/ip/xpm/xpm_fifo/tcl/xpm_fifo_rst_axis.tcl] for cell 'inst/gen_fifo.xpm_fifo_axis_inst'
Finished Sourcing Tcl File [/tools/Xilinx/Vivado/2019.2/data/ip/xpm/xpm_fifo/tcl/xpm_fifo_rst_axis.tcl] for cell 'inst/gen_fifo.xpm_fifo_axis_inst'
INFO: [Project 1-236] Implementation specific constraints were found while reading constraint file [/tools/Xilinx/Vivado/2019.2/data/ip/xpm/xpm_fifo/tcl/xpm_fifo_rst_axis.tcl]. These constraints will be ignored for synthesis but will be used in implementation. Impacted constraints are listed in the file [.Xil/zsys_axis_data_fifo_0_0_propImpl.xdc].
Resolution: To avoid this warning, move constraints listed in [.Xil/zsys_axis_data_fifo_0_0_propImpl.xdc] to another XDC file and exclude this new file from synthesis with the used_in_synthesis property (File Properties dialog in GUI) and re-run elaboration/synthesis.
Completed Processing XDC Constraints

Netlist sorting complete. Time (s): cpu = 00:00:00 ; elapsed = 00:00:00 . Memory (MB): peak = 2257.633 ; gain = 0.000 ; free physical = 27846 ; free virtual = 31798
INFO: [Project 1-111] Unisim Transformation Summary:
No Unisim elements were transformed.

Constraint Validation Runtime : Time (s): cpu = 00:00:00.02 ; elapsed = 00:00:00.03 . Memory (MB): peak = 2260.602 ; gain = 2.969 ; free physical = 27846 ; free virtual = 31797
---------------------------------------------------------------------------------
Finished Constraint Validation : Time (s): cpu = 00:00:10 ; elapsed = 00:00:13 . Memory (MB): peak = 2260.602 ; gain = 447.059 ; free physical = 28090 ; free virtual = 32042
---------------------------------------------------------------------------------
---------------------------------------------------------------------------------
Start Loading Part and Timing Information
---------------------------------------------------------------------------------
Loading part: xc7z010clg225-1
---------------------------------------------------------------------------------
Finished Loading Part and Timing Information : Time (s): cpu = 00:00:10 ; elapsed = 00:00:13 . Memory (MB): peak = 2260.602 ; gain = 447.059 ; free physical = 28090 ; free virtual = 32042
---------------------------------------------------------------------------------
---------------------------------------------------------------------------------
Start Applying 'set_property' XDC Constraints
---------------------------------------------------------------------------------
Applied set_property DONT_TOUCH = true for inst. (constraint file  /home/parallels/zynqberry_0/zynqberry_0.runs/zsys_axis_data_fifo_0_0_synth_1/dont_touch.xdc, line 9).
Applied set_property DONT_TOUCH = true for inst/\gen_fifo.xpm_fifo_axis_inst /xpm_fifo_base_inst/\gen_cdc_pntr.rd_pntr_cdc_inst . (constraint file  auto generated constraint, line ).
Applied set_property DONT_TOUCH = true for inst/\gen_fifo.xpm_fifo_axis_inst /xpm_fifo_base_inst/\gen_cdc_pntr.wr_pntr_cdc_inst . (constraint file  auto generated constraint, line ).
Applied set_property DONT_TOUCH = true for inst/\gen_fifo.xpm_fifo_axis_inst /xpm_fifo_base_inst/\gen_cdc_pntr.rd_pntr_cdc_dc_inst . (constraint file  auto generated constraint, line ).
Applied set_property DONT_TOUCH = true for inst/\gen_fifo.xpm_fifo_axis_inst /xpm_fifo_base_inst/\gen_cdc_pntr.wr_pntr_cdc_dc_inst . (constraint file  auto generated constraint, line ).
Applied set_property DONT_TOUCH = true for inst/\gen_fifo.xpm_fifo_axis_inst /\gaxis_rst_sync.xpm_cdc_sync_rst_inst . (constraint file  auto generated constraint, line ).
Applied set_property DONT_TOUCH = true for inst/\gen_fifo.xpm_fifo_axis_inst /xpm_fifo_base_inst/xpm_fifo_rst_inst/\gen_rst_ic.rrst_wr_inst . (constraint file  auto generated constraint, line ).
Applied set_property DONT_TOUCH = true for inst/\gen_fifo.xpm_fifo_axis_inst /xpm_fifo_base_inst/xpm_fifo_rst_inst/\gen_rst_ic.wrst_rd_inst . (constraint file  auto generated constraint, line ).
Applied set_property DONT_TOUCH = true for inst/\gen_fifo.xpm_fifo_axis_inst . (constraint file  auto generated constraint, line ).
---------------------------------------------------------------------------------
Finished applying 'set_property' XDC Constraints : Time (s): cpu = 00:00:10 ; elapsed = 00:00:13 . Memory (MB): peak = 2260.602 ; gain = 447.059 ; free physical = 28090 ; free virtual = 32042
---------------------------------------------------------------------------------
INFO: [Synth 8-802] inferred FSM for state register 'gen_rst_ic.curr_wrst_state_reg' in module 'xpm_fifo_rst'
INFO: [Synth 8-802] inferred FSM for state register 'gen_rst_ic.curr_rrst_state_reg' in module 'xpm_fifo_rst'
INFO: [Synth 8-802] inferred FSM for state register 'gen_fwft.curr_fwft_state_reg' in module 'xpm_fifo_base'
INFO: [Synth 8-5552] Implemented safe state 'default_state' for state register 'gen_rst_ic.curr_wrst_state_reg' in module 'xpm_fifo_rst'
---------------------------------------------------------------------------------------------------
                   State |                     New Encoding |                Previous Encoding 
---------------------------------------------------------------------------------------------------
*
               WRST_IDLE |                            00001 |                              000
                 WRST_IN |                            00010 |                              010
                WRST_OUT |                            00100 |                              111
               WRST_EXIT |                            01000 |                              110
            WRST_GO2IDLE |                            10000 |                              100
---------------------------------------------------------------------------------------------------
INFO: [Synth 8-3354] encoded FSM with state register 'gen_rst_ic.curr_wrst_state_reg' using encoding 'one-hot' in module 'xpm_fifo_rst'
INFO: [Synth 8-5552] Implemented safe state 'default_state' for state register 'gen_rst_ic.curr_rrst_state_reg' in module 'xpm_fifo_rst'
---------------------------------------------------------------------------------------------------
                   State |                     New Encoding |                Previous Encoding 
---------------------------------------------------------------------------------------------------
*
               RRST_IDLE |                               00 |                               00
                 RRST_IN |                               01 |                               10
                RRST_OUT |                               10 |                               11
               RRST_EXIT |                               11 |                               01
---------------------------------------------------------------------------------------------------
INFO: [Synth 8-3354] encoded FSM with state register 'gen_rst_ic.curr_rrst_state_reg' using encoding 'sequential' in module 'xpm_fifo_rst'
---------------------------------------------------------------------------------------------------
                   State |                     New Encoding |                Previous Encoding 
---------------------------------------------------------------------------------------------------
                 invalid |                               00 |                               00
            stage1_valid |                               01 |                               10
       both_stages_valid |                               10 |                               11
            stage2_valid |                               11 |                               01
---------------------------------------------------------------------------------------------------
INFO: [Synth 8-3354] encoded FSM with state register 'gen_fwft.curr_fwft_state_reg' using encoding 'sequential' in module 'xpm_fifo_base'
---------------------------------------------------------------------------------
Finished RTL Optimization Phase 2 : Time (s): cpu = 00:00:11 ; elapsed = 00:00:14 . Memory (MB): peak = 2260.602 ; gain = 447.059 ; free physical = 27961 ; free virtual = 31914
---------------------------------------------------------------------------------

Report RTL Partitions: 
+-+--------------+------------+----------+
| |RTL Partition |Replication |Instances |
+-+--------------+------------+----------+
+-+--------------+------------+----------+
---------------------------------------------------------------------------------
Start RTL Component Statistics 
---------------------------------------------------------------------------------
Detailed RTL Component Info : 
+---Adders : 
	   4 Input     15 Bit       Adders := 2     
	   2 Input     15 Bit       Adders := 2     
	   4 Input     14 Bit       Adders := 3     
	   4 Input      2 Bit       Adders := 1     
+---XORs : 
	   2 Input     15 Bit         XORs := 2     
	   2 Input     14 Bit         XORs := 2     
	   2 Input      1 Bit         XORs := 54    
+---Registers : 
	               24 Bit    Registers := 2     
	               15 Bit    Registers := 14    
	               14 Bit    Registers := 13    
	                3 Bit    Registers := 3     
	                2 Bit    Registers := 2     
	                1 Bit    Registers := 14    
+---RAMs : 
	             384K Bit         RAMs := 1     
+---Muxes : 
	   6 Input      5 Bit        Muxes := 1     
	   2 Input      5 Bit        Muxes := 8     
	   5 Input      2 Bit        Muxes := 1     
	   2 Input      2 Bit        Muxes := 33    
	   4 Input      2 Bit        Muxes := 7     
	   2 Input      1 Bit        Muxes := 5     
	   6 Input      1 Bit        Muxes := 2     
	   5 Input      1 Bit        Muxes := 3     
	   4 Input      1 Bit        Muxes := 2     
---------------------------------------------------------------------------------
Finished RTL Component Statistics 
---------------------------------------------------------------------------------
---------------------------------------------------------------------------------
Start RTL Hierarchical Component Statistics 
---------------------------------------------------------------------------------
Hierarchical RTL Component report 
Module xpm_cdc_sync_rst 
Detailed RTL Component Info : 
+---Registers : 
	                3 Bit    Registers := 1     
Module xpm_memory_base 
Detailed RTL Component Info : 
+---Registers : 
	               24 Bit    Registers := 2     
+---RAMs : 
	             384K Bit         RAMs := 1     
Module xpm_cdc_gray 
Detailed RTL Component Info : 
+---XORs : 
	   2 Input     14 Bit         XORs := 1     
	   2 Input      1 Bit         XORs := 13    
+---Registers : 
	               14 Bit    Registers := 4     
Module xpm_fifo_reg_vec 
Detailed RTL Component Info : 
+---Registers : 
	               14 Bit    Registers := 1     
Module xpm_cdc_gray__parameterized0 
Detailed RTL Component Info : 
+---XORs : 
	   2 Input     15 Bit         XORs := 1     
	   2 Input      1 Bit         XORs := 14    
+---Registers : 
	               15 Bit    Registers := 6     
Module xpm_fifo_reg_vec__parameterized0 
Detailed RTL Component Info : 
+---Registers : 
	               15 Bit    Registers := 1     
Module xpm_cdc_gray__parameterized1 
Detailed RTL Component Info : 
+---XORs : 
	   2 Input     15 Bit         XORs := 1     
	   2 Input      1 Bit         XORs := 14    
+---Registers : 
	               15 Bit    Registers := 4     
Module xpm_fifo_reg_bit 
Detailed RTL Component Info : 
+---Registers : 
	                1 Bit    Registers := 1     
Module xpm_counter_updn 
Detailed RTL Component Info : 
+---Adders : 
	   4 Input      2 Bit       Adders := 1     
+---Registers : 
	                2 Bit    Registers := 1     
Module xpm_fifo_rst 
Detailed RTL Component Info : 
+---Registers : 
	                2 Bit    Registers := 1     
	                1 Bit    Registers := 4     
+---Muxes : 
	   6 Input      5 Bit        Muxes := 1     
	   2 Input      5 Bit        Muxes := 8     
	   5 Input      2 Bit        Muxes := 1     
	   2 Input      2 Bit        Muxes := 2     
	   2 Input      1 Bit        Muxes := 1     
	   6 Input      1 Bit        Muxes := 2     
	   5 Input      1 Bit        Muxes := 3     
Module xpm_counter_updn__parameterized0 
Detailed RTL Component Info : 
+---Adders : 
	   4 Input     15 Bit       Adders := 1     
+---Registers : 
	               15 Bit    Registers := 1     
Module xpm_counter_updn__parameterized1 
Detailed RTL Component Info : 
+---Adders : 
	   4 Input     14 Bit       Adders := 1     
+---Registers : 
	               14 Bit    Registers := 1     
Module xpm_counter_updn__parameterized2 
Detailed RTL Component Info : 
+---Adders : 
	   4 Input     14 Bit       Adders := 1     
+---Registers : 
	               14 Bit    Registers := 1     
Module xpm_fifo_base 
Detailed RTL Component Info : 
+---Adders : 
	   2 Input     15 Bit       Adders := 2     
+---Registers : 
	                1 Bit    Registers := 5     
+---Muxes : 
	   2 Input      2 Bit        Muxes := 31    
	   4 Input      2 Bit        Muxes := 7     
	   4 Input      1 Bit        Muxes := 2     
	   2 Input      1 Bit        Muxes := 4     
---------------------------------------------------------------------------------
Finished RTL Hierarchical Component Statistics
---------------------------------------------------------------------------------
---------------------------------------------------------------------------------
Start Part Resource Summary
---------------------------------------------------------------------------------
Part Resources:
DSPs: 80 (col length:40)
BRAMs: 120 (col length: RAMB18 40 RAMB36 20)
---------------------------------------------------------------------------------
Finished Part Resource Summary
---------------------------------------------------------------------------------
---------------------------------------------------------------------------------
Start Cross Boundary and Area Optimization
---------------------------------------------------------------------------------
Warning: Parallel synthesis criteria is not met 
WARNING: [Synth 8-3331] design xpm_memory_base has unconnected port rsta
WARNING: [Synth 8-3331] design xpm_memory_base has unconnected port regcea
WARNING: [Synth 8-3331] design xpm_memory_base has unconnected port injectsbiterra
WARNING: [Synth 8-3331] design xpm_memory_base has unconnected port injectdbiterra
WARNING: [Synth 8-3331] design xpm_memory_base has unconnected port dinb[23]
WARNING: [Synth 8-3331] design xpm_memory_base has unconnected port dinb[22]
WARNING: [Synth 8-3331] design xpm_memory_base has unconnected port dinb[21]
WARNING: [Synth 8-3331] design xpm_memory_base has unconnected port dinb[20]
WARNING: [Synth 8-3331] design xpm_memory_base has unconnected port dinb[19]
WARNING: [Synth 8-3331] design xpm_memory_base has unconnected port dinb[18]
WARNING: [Synth 8-3331] design xpm_memory_base has unconnected port dinb[17]
WARNING: [Synth 8-3331] design xpm_memory_base has unconnected port dinb[16]
WARNING: [Synth 8-3331] design xpm_memory_base has unconnected port dinb[15]
WARNING: [Synth 8-3331] design xpm_memory_base has unconnected port dinb[14]
WARNING: [Synth 8-3331] design xpm_memory_base has unconnected port dinb[13]
WARNING: [Synth 8-3331] design xpm_memory_base has unconnected port dinb[12]
WARNING: [Synth 8-3331] design xpm_memory_base has unconnected port dinb[11]
WARNING: [Synth 8-3331] design xpm_memory_base has unconnected port dinb[10]
WARNING: [Synth 8-3331] design xpm_memory_base has unconnected port dinb[9]
WARNING: [Synth 8-3331] design xpm_memory_base has unconnected port dinb[8]
WARNING: [Synth 8-3331] design xpm_memory_base has unconnected port dinb[7]
WARNING: [Synth 8-3331] design xpm_memory_base has unconnected port dinb[6]
WARNING: [Synth 8-3331] design xpm_memory_base has unconnected port dinb[5]
WARNING: [Synth 8-3331] design xpm_memory_base has unconnected port dinb[4]
WARNING: [Synth 8-3331] design xpm_memory_base has unconnected port dinb[3]
WARNING: [Synth 8-3331] design xpm_memory_base has unconnected port dinb[2]
WARNING: [Synth 8-3331] design xpm_memory_base has unconnected port dinb[1]
WARNING: [Synth 8-3331] design xpm_memory_base has unconnected port dinb[0]
WARNING: [Synth 8-3331] design xpm_memory_base has unconnected port injectsbiterrb
WARNING: [Synth 8-3331] design xpm_memory_base has unconnected port injectdbiterrb
WARNING: [Synth 8-3331] design axis_data_fifo_v2_0_2_top has unconnected port s_axis_aclken
WARNING: [Synth 8-3331] design axis_data_fifo_v2_0_2_top has unconnected port s_axis_tstrb[1]
WARNING: [Synth 8-3331] design axis_data_fifo_v2_0_2_top has unconnected port s_axis_tstrb[0]
WARNING: [Synth 8-3331] design axis_data_fifo_v2_0_2_top has unconnected port s_axis_tkeep[1]
WARNING: [Synth 8-3331] design axis_data_fifo_v2_0_2_top has unconnected port s_axis_tkeep[0]
WARNING: [Synth 8-3331] design axis_data_fifo_v2_0_2_top has unconnected port s_axis_tid[0]
WARNING: [Synth 8-3331] design axis_data_fifo_v2_0_2_top has unconnected port s_axis_tdest[0]
WARNING: [Synth 8-3331] design axis_data_fifo_v2_0_2_top has unconnected port m_axis_aclken
INFO: [Synth 8-5784] Optimized 6 bits of RAM "gen_wr_a.gen_word_narrow.mem_reg" due to constant propagation. Old ram width 24 bits, new ram width 18 bits.
INFO: [Synth 8-4652] Swapped enable and write-enable on 9 RAM instances of RAM gen_wr_a.gen_word_narrow.mem_reg to conserve power
INFO: [Synth 8-3886] merging instance 'inst/gen_fifo.xpm_fifo_axis_inst/xpm_fifo_base_inst/gen_sdpram.xpm_memory_base_inst/i_2/gen_rd_b.gen_doutb_pipe.doutb_pipe_reg[0][16]' (FDRE) to 'inst/gen_fifo.xpm_fifo_axis_inst/xpm_fifo_base_inst/gen_sdpram.xpm_memory_base_inst/i_2/gen_rd_b.gen_doutb_pipe.doutb_pipe_reg[0][21]'
INFO: [Synth 8-3886] merging instance 'inst/gen_fifo.xpm_fifo_axis_inst/xpm_fifo_base_inst/gen_sdpram.xpm_memory_base_inst/i_2/gen_rd_b.gen_doutb_pipe.doutb_pipe_reg[0][17]' (FDRE) to 'inst/gen_fifo.xpm_fifo_axis_inst/xpm_fifo_base_inst/gen_sdpram.xpm_memory_base_inst/i_2/gen_rd_b.gen_doutb_pipe.doutb_pipe_reg[0][21]'
INFO: [Synth 8-3886] merging instance 'inst/gen_fifo.xpm_fifo_axis_inst/xpm_fifo_base_inst/gen_sdpram.xpm_memory_base_inst/i_2/gen_rd_b.gen_doutb_pipe.doutb_pipe_reg[0][18]' (FDRE) to 'inst/gen_fifo.xpm_fifo_axis_inst/xpm_fifo_base_inst/gen_sdpram.xpm_memory_base_inst/i_2/gen_rd_b.gen_doutb_pipe.doutb_pipe_reg[0][21]'
INFO: [Synth 8-3886] merging instance 'inst/gen_fifo.xpm_fifo_axis_inst/xpm_fifo_base_inst/gen_sdpram.xpm_memory_base_inst/i_2/gen_rd_b.gen_doutb_pipe.doutb_pipe_reg[0][19]' (FDRE) to 'inst/gen_fifo.xpm_fifo_axis_inst/xpm_fifo_base_inst/gen_sdpram.xpm_memory_base_inst/i_2/gen_rd_b.gen_doutb_pipe.doutb_pipe_reg[0][21]'
INFO: [Synth 8-3886] merging instance 'inst/gen_fifo.xpm_fifo_axis_inst/xpm_fifo_base_inst/gen_sdpram.xpm_memory_base_inst/i_2/gen_rd_b.gen_doutb_pipe.doutb_pipe_reg[0][20]' (FDRE) to 'inst/gen_fifo.xpm_fifo_axis_inst/xpm_fifo_base_inst/gen_sdpram.xpm_memory_base_inst/i_2/gen_rd_b.gen_doutb_pipe.doutb_pipe_reg[0][21]'
INFO: [Synth 8-3333] propagating constant 0 across sequential element (inst/\gen_fifo.xpm_fifo_axis_inst /xpm_fifo_base_inst/\gen_sdpram.xpm_memory_base_inst /i_2/\gen_rd_b.gen_doutb_pipe.doutb_pipe_reg[0][21] )
---------------------------------------------------------------------------------
Finished Cross Boundary and Area Optimization : Time (s): cpu = 00:00:12 ; elapsed = 00:00:15 . Memory (MB): peak = 2260.602 ; gain = 447.059 ; free physical = 27965 ; free virtual = 31922
---------------------------------------------------------------------------------
---------------------------------------------------------------------------------
Start ROM, RAM, DSP and Shift Register Reporting
---------------------------------------------------------------------------------

Block RAM: Preliminary Mapping	Report (see note below)
+----------------------------------------------------------------------------------------+----------------------------------+------------------------+---+---+------------------------+---+---+------------------+--------+--------+
|Module Name                                                                             | RTL Object                       | PORT A (Depth x Width) | W | R | PORT B (Depth x Width) | W | R | Ports driving FF | RAMB18 | RAMB36 | 
+----------------------------------------------------------------------------------------+----------------------------------+------------------------+---+---+------------------------+---+---+------------------+--------+--------+
|inst/\gen_fifo.xpm_fifo_axis_inst /xpm_fifo_base_inst/\gen_sdpram.xpm_memory_base_inst  | gen_wr_a.gen_word_narrow.mem_reg | 16 K x 24(NO_CHANGE)   | W |   | 16 K x 24(WRITE_FIRST) |   | R | Port A and B     | 0      | 9      | 
+----------------------------------------------------------------------------------------+----------------------------------+------------------------+---+---+------------------------+---+---+------------------+--------+--------+

Note: The table above is a preliminary report that shows the Block RAMs at the current stage of the synthesis flow. Some Block RAMs may be reimplemented as non Block RAM primitives later in the synthesis flow. Multiple instantiated Block RAMs are reported only once. 
---------------------------------------------------------------------------------
Finished ROM, RAM, DSP and Shift Register Reporting
---------------------------------------------------------------------------------

Report RTL Partitions: 
+-+--------------+------------+----------+
| |RTL Partition |Replication |Instances |
+-+--------------+------------+----------+
+-+--------------+------------+----------+
---------------------------------------------------------------------------------
Start Applying XDC Timing Constraints
---------------------------------------------------------------------------------
---------------------------------------------------------------------------------
Finished Applying XDC Timing Constraints : Time (s): cpu = 00:00:17 ; elapsed = 00:00:21 . Memory (MB): peak = 2260.602 ; gain = 447.059 ; free physical = 28114 ; free virtual = 32071
---------------------------------------------------------------------------------
---------------------------------------------------------------------------------
Start Timing Optimization
---------------------------------------------------------------------------------
---------------------------------------------------------------------------------
Finished Timing Optimization : Time (s): cpu = 00:00:17 ; elapsed = 00:00:21 . Memory (MB): peak = 2260.602 ; gain = 447.059 ; free physical = 28107 ; free virtual = 32065
---------------------------------------------------------------------------------
---------------------------------------------------------------------------------
Start ROM, RAM, DSP and Shift Register Reporting
---------------------------------------------------------------------------------

Block RAM: Final Mapping	Report
+----------------------------------------------------------------------------------------+----------------------------------+------------------------+---+---+------------------------+---+---+------------------+--------+--------+
|Module Name                                                                             | RTL Object                       | PORT A (Depth x Width) | W | R | PORT B (Depth x Width) | W | R | Ports driving FF | RAMB18 | RAMB36 | 
+----------------------------------------------------------------------------------------+----------------------------------+------------------------+---+---+------------------------+---+---+------------------+--------+--------+
|inst/\gen_fifo.xpm_fifo_axis_inst /xpm_fifo_base_inst/\gen_sdpram.xpm_memory_base_inst  | gen_wr_a.gen_word_narrow.mem_reg | 16 K x 24(NO_CHANGE)   | W |   | 16 K x 24(WRITE_FIRST) |   | R | Port A and B     | 0      | 9      | 
+----------------------------------------------------------------------------------------+----------------------------------+------------------------+---+---+------------------------+---+---+------------------+--------+--------+

---------------------------------------------------------------------------------
Finished ROM, RAM, DSP and Shift Register Reporting
---------------------------------------------------------------------------------

Report RTL Partitions: 
+-+--------------+------------+----------+
| |RTL Partition |Replication |Instances |
+-+--------------+------------+----------+
+-+--------------+------------+----------+
---------------------------------------------------------------------------------
Start Technology Mapping
---------------------------------------------------------------------------------
---------------------------------------------------------------------------------
Finished Technology Mapping : Time (s): cpu = 00:00:17 ; elapsed = 00:00:22 . Memory (MB): peak = 2260.602 ; gain = 447.059 ; free physical = 28095 ; free virtual = 32053
---------------------------------------------------------------------------------

Report RTL Partitions: 
+-+--------------+------------+----------+
| |RTL Partition |Replication |Instances |
+-+--------------+------------+----------+
+-+--------------+------------+----------+
---------------------------------------------------------------------------------
Start IO Insertion
---------------------------------------------------------------------------------
---------------------------------------------------------------------------------
Start Flattening Before IO Insertion
---------------------------------------------------------------------------------
---------------------------------------------------------------------------------
Finished Flattening Before IO Insertion
---------------------------------------------------------------------------------
---------------------------------------------------------------------------------
Start Final Netlist Cleanup
---------------------------------------------------------------------------------
---------------------------------------------------------------------------------
Finished Final Netlist Cleanup
---------------------------------------------------------------------------------
---------------------------------------------------------------------------------
Finished IO Insertion : Time (s): cpu = 00:00:20 ; elapsed = 00:00:24 . Memory (MB): peak = 2260.602 ; gain = 447.059 ; free physical = 27999 ; free virtual = 31957
---------------------------------------------------------------------------------
---------------------------------------------------------------------------------
Start Renaming Generated Instances
---------------------------------------------------------------------------------
---------------------------------------------------------------------------------
Finished Renaming Generated Instances : Time (s): cpu = 00:00:20 ; elapsed = 00:00:24 . Memory (MB): peak = 2260.602 ; gain = 447.059 ; free physical = 28003 ; free virtual = 31960
---------------------------------------------------------------------------------

Report RTL Partitions: 
+-+--------------+------------+----------+
| |RTL Partition |Replication |Instances |
+-+--------------+------------+----------+
+-+--------------+------------+----------+

Report Check Netlist: 
+------+------------------+-------+---------+-------+------------------+
|      |Item              |Errors |Warnings |Status |Description       |
+------+------------------+-------+---------+-------+------------------+
|1     |multi_driven_nets |      0|        0|Passed |Multi driven nets |
+------+------------------+-------+---------+-------+------------------+
---------------------------------------------------------------------------------
Start Rebuilding User Hierarchy
---------------------------------------------------------------------------------
---------------------------------------------------------------------------------
Finished Rebuilding User Hierarchy : Time (s): cpu = 00:00:20 ; elapsed = 00:00:25 . Memory (MB): peak = 2260.602 ; gain = 447.059 ; free physical = 28003 ; free virtual = 31960
---------------------------------------------------------------------------------
---------------------------------------------------------------------------------
Start Renaming Generated Ports
---------------------------------------------------------------------------------
---------------------------------------------------------------------------------
Finished Renaming Generated Ports : Time (s): cpu = 00:00:20 ; elapsed = 00:00:25 . Memory (MB): peak = 2260.602 ; gain = 447.059 ; free physical = 28003 ; free virtual = 31961
---------------------------------------------------------------------------------
---------------------------------------------------------------------------------
Start Handling Custom Attributes
---------------------------------------------------------------------------------
---------------------------------------------------------------------------------
Finished Handling Custom Attributes : Time (s): cpu = 00:00:20 ; elapsed = 00:00:25 . Memory (MB): peak = 2260.602 ; gain = 447.059 ; free physical = 27998 ; free virtual = 31955
---------------------------------------------------------------------------------
---------------------------------------------------------------------------------
Start Renaming Generated Nets
---------------------------------------------------------------------------------
---------------------------------------------------------------------------------
Finished Renaming Generated Nets : Time (s): cpu = 00:00:20 ; elapsed = 00:00:25 . Memory (MB): peak = 2260.602 ; gain = 447.059 ; free physical = 27997 ; free virtual = 31954
---------------------------------------------------------------------------------
---------------------------------------------------------------------------------
Start Writing Synthesis Report
---------------------------------------------------------------------------------

Report BlackBoxes: 
+-+--------------+----------+
| |BlackBox name |Instances |
+-+--------------+----------+
+-+--------------+----------+

Report Cell Usage: 
+------+-----------+------+
|      |Cell       |Count |
+------+-----------+------+
|1     |CARRY4     |    32|
|2     |LUT1       |     2|
|3     |LUT2       |    70|
|4     |LUT3       |    31|
|5     |LUT4       |    23|
|6     |LUT5       |    24|
|7     |LUT6       |    31|
|8     |RAMB36E1_1 |     9|
|9     |FDRE       |   388|
|10    |FDSE       |     6|
+------+-----------+------+

Report Instance Areas: 
+------+---------------------------------------------+-----------------------------------+------+
|      |Instance                                     |Module                             |Cells |
+------+---------------------------------------------+-----------------------------------+------+
|1     |top                                          |                                   |   616|
|2     |  inst                                       |axis_data_fifo_v2_0_2_top          |   616|
|3     |    \gen_fifo.xpm_fifo_axis_inst             |xpm_fifo_axis                      |   616|
|4     |      \gaxis_rst_sync.xpm_cdc_sync_rst_inst  |xpm_cdc_sync_rst__3                |     3|
|5     |      xpm_fifo_base_inst                     |xpm_fifo_base                      |   611|
|6     |        \gen_sdpram.xpm_memory_base_inst     |xpm_memory_base                    |     9|
|7     |        \gen_cdc_pntr.wr_pntr_cdc_inst       |xpm_cdc_gray__2                    |    82|
|8     |        \gen_cdc_pntr.wr_pntr_cdc_dc_inst    |xpm_cdc_gray__parameterized0       |   118|
|9     |        \gen_cdc_pntr.rd_pntr_cdc_inst       |xpm_cdc_gray                       |    82|
|10    |        \gen_cdc_pntr.rd_pntr_cdc_dc_inst    |xpm_cdc_gray__parameterized1       |    88|
|11    |        \gen_cdc_pntr.rpw_gray_reg           |xpm_fifo_reg_vec                   |    30|
|12    |        \gen_cdc_pntr.wpr_gray_reg           |xpm_fifo_reg_vec_0                 |    29|
|13    |        \gen_fwft.rdpp1_inst                 |xpm_counter_updn                   |    19|
|14    |        rdp_inst                             |xpm_counter_updn__parameterized0   |    26|
|15    |        rdpp1_inst                           |xpm_counter_updn__parameterized1   |    19|
|16    |        rst_d1_inst                          |xpm_fifo_reg_bit                   |     4|
|17    |        wrp_inst                             |xpm_counter_updn__parameterized0_1 |    19|
|18    |        wrpp1_inst                           |xpm_counter_updn__parameterized1_2 |    18|
|19    |        wrpp2_inst                           |xpm_counter_updn__parameterized2   |    18|
|20    |        xpm_fifo_rst_inst                    |xpm_fifo_rst                       |    38|
|21    |          \gen_rst_ic.wrst_rd_inst           |xpm_cdc_sync_rst__4                |     3|
|22    |          \gen_rst_ic.rrst_wr_inst           |xpm_cdc_sync_rst                   |     3|
+------+---------------------------------------------+-----------------------------------+------+
---------------------------------------------------------------------------------
Finished Writing Synthesis Report : Time (s): cpu = 00:00:20 ; elapsed = 00:00:25 . Memory (MB): peak = 2260.602 ; gain = 447.059 ; free physical = 27996 ; free virtual = 31953
---------------------------------------------------------------------------------
Synthesis finished with 0 errors, 0 critical warnings and 38 warnings.
Synthesis Optimization Runtime : Time (s): cpu = 00:00:19 ; elapsed = 00:00:23 . Memory (MB): peak = 2260.602 ; gain = 278.340 ; free physical = 28042 ; free virtual = 31999
Synthesis Optimization Complete : Time (s): cpu = 00:00:20 ; elapsed = 00:00:25 . Memory (MB): peak = 2260.602 ; gain = 447.059 ; free physical = 28041 ; free virtual = 31998
INFO: [Project 1-571] Translating synthesized netlist
Netlist sorting complete. Time (s): cpu = 00:00:00 ; elapsed = 00:00:00.01 . Memory (MB): peak = 2260.602 ; gain = 0.000 ; free physical = 28099 ; free virtual = 32057
INFO: [Netlist 29-17] Analyzing 41 Unisim elements for replacement
INFO: [Netlist 29-28] Unisim Transformation completed in 0 CPU seconds
INFO: [Project 1-570] Preparing netlist for logic optimization
INFO: [Opt 31-138] Pushed 0 inverter(s) to 0 load pin(s).
Netlist sorting complete. Time (s): cpu = 00:00:00 ; elapsed = 00:00:00 . Memory (MB): peak = 2260.602 ; gain = 0.000 ; free physical = 28026 ; free virtual = 31980
INFO: [Project 1-111] Unisim Transformation Summary:
No Unisim elements were transformed.

INFO: [Common 17-83] Releasing license: Synthesis
91 Infos, 79 Warnings, 0 Critical Warnings and 0 Errors encountered.
synth_design completed successfully
synth_design: Time (s): cpu = 00:00:27 ; elapsed = 00:00:33 . Memory (MB): peak = 2260.602 ; gain = 673.430 ; free physical = 28157 ; free virtual = 32111
Netlist sorting complete. Time (s): cpu = 00:00:00 ; elapsed = 00:00:00 . Memory (MB): peak = 2260.602 ; gain = 0.000 ; free physical = 28157 ; free virtual = 32111
WARNING: [Constraints 18-5210] No constraints selected for write.
Resolution: This message can indicate that there are no constraints for the design, or it can indicate that the used_in flags are set such that the constraints are ignored. This later case is used when running synth_design to not write synthesis constraints to the resulting checkpoint. Instead, project constraints are read when the synthesized design is opened.
INFO: [Common 17-1381] The checkpoint '/home/parallels/zynqberry_0/zynqberry_0.runs/zsys_axis_data_fifo_0_0_synth_1/zsys_axis_data_fifo_0_0.dcp' has been generated.
WARNING: [Common 17-576] 'use_project_ipc' is deprecated. This option is deprecated and no longer used.
INFO: [Coretcl 2-1648] Added synthesis output to IP cache for IP zsys_axis_data_fifo_0_0, cache-ID = ac6b9a6396ca3958
INFO: [Coretcl 2-1174] Renamed 21 cell refs.
Netlist sorting complete. Time (s): cpu = 00:00:00 ; elapsed = 00:00:00 . Memory (MB): peak = 2284.613 ; gain = 0.000 ; free physical = 28084 ; free virtual = 32039
WARNING: [Constraints 18-5210] No constraints selected for write.
Resolution: This message can indicate that there are no constraints for the design, or it can indicate that the used_in flags are set such that the constraints are ignored. This later case is used when running synth_design to not write synthesis constraints to the resulting checkpoint. Instead, project constraints are read when the synthesized design is opened.
INFO: [Common 17-1381] The checkpoint '/home/parallels/zynqberry_0/zynqberry_0.runs/zsys_axis_data_fifo_0_0_synth_1/zsys_axis_data_fifo_0_0.dcp' has been generated.
INFO: [runtcl-4] Executing : report_utilization -file zsys_axis_data_fifo_0_0_utilization_synth.rpt -pb zsys_axis_data_fifo_0_0_utilization_synth.pb
INFO: [Common 17-206] Exiting Vivado at Tue Jan 21 21:13:25 2020...
